2025-03-18 10:28:01.918 [info] Getting Manifest... ms-python.debugpy
2025-03-18 10:28:01.919 [info] Getting Manifest... ms-python.python
2025-03-18 10:28:03.922 [info] Installing extension: ms-python.debugpy {"productVersion":{"version":"1.98.0","date":"2025-03-05T19:34:05.325Z"},"pinned":false,"operation":3,"isApplicationScoped":false,"profileLocation":{"$mid":1,"external":"vscode-userdata:/home/deepanshu/.vscode-oss/extensions/extensions.json","path":"/home/deepanshu/.vscode-oss/extensions/extensions.json","scheme":"vscode-userdata"}}
2025-03-18 10:28:04.174 [info] Installing extension: ms-python.python {"productVersion":{"version":"1.98.0","date":"2025-03-05T19:34:05.325Z"},"pinned":false,"operation":3,"isApplicationScoped":false,"profileLocation":{"$mid":1,"external":"vscode-userdata:/home/deepanshu/.vscode-oss/extensions/extensions.json","path":"/home/deepanshu/.vscode-oss/extensions/extensions.json","scheme":"vscode-userdata"}}
2025-03-18 10:28:04.183 [info] Getting Manifest... ms-python.python
2025-03-18 10:28:04.482 [info] Getting Manifest... ms-python.debugpy
2025-03-18 10:28:17.898 [error] Could not load vsce-sign module Cannot find package '@vscode/vsce-sign' imported from /usr/lib/code/out/vs/code/electron-utility/sharedProcess/sharedProcessMain.js
2025-03-18 10:28:17.898 [info] Extension signature verification is not done: ms-python.debugpy
2025-03-18 10:28:18.269 [info] Extracted extension to file:///home/deepanshu/.vscode-oss/extensions/ms-python.debugpy-2025.4.1-linux-x64: ms-python.debugpy
2025-03-18 10:28:18.284 [info] Renamed to /home/deepanshu/.vscode-oss/extensions/ms-python.debugpy-2025.4.1-linux-x64
2025-03-18 10:28:18.303 [info] Marked extension as removed ms-python.debugpy-2025.0.0
2025-03-18 10:28:18.308 [info] Extension installed successfully: ms-python.debugpy vscode-userdata:/home/deepanshu/.vscode-oss/extensions/extensions.json
2025-03-18 10:28:25.482 [error] Could not load vsce-sign module Cannot find package '@vscode/vsce-sign' imported from /usr/lib/code/out/vs/code/electron-utility/sharedProcess/sharedProcessMain.js
2025-03-18 10:28:25.482 [info] Extension signature verification is not done: ms-python.python
2025-03-18 10:28:26.049 [info] Extracted extension to file:///home/deepanshu/.vscode-oss/extensions/ms-python.python-2025.2.0-universal: ms-python.python
2025-03-18 10:28:26.091 [info] Renamed to /home/deepanshu/.vscode-oss/extensions/ms-python.python-2025.2.0-universal
2025-03-18 10:28:26.103 [info] Marked extension as removed ms-python.python-2025.0.0
2025-03-18 10:28:26.108 [info] Extension installed successfully: ms-python.python vscode-userdata:/home/deepanshu/.vscode-oss/extensions/extensions.json
2025-03-18 10:32:07.352 [info] Getting Manifest... rust-lang.rust-analyzer
2025-03-18 10:32:09.780 [info] Installing extension: rust-lang.rust-analyzer {"isMachineScoped":false,"installPreReleaseVersion":false,"pinned":false,"profileLocation":{"$mid":1,"external":"vscode-userdata:/home/deepanshu/.vscode-oss/extensions/extensions.json","path":"/home/deepanshu/.vscode-oss/extensions/extensions.json","scheme":"vscode-userdata"},"isApplicationScoped":false,"productVersion":{"version":"1.98.0","date":"2025-03-05T19:34:05.325Z"}}
2025-03-18 10:32:10.703 [info] Getting Manifest... rust-lang.rust
2025-03-18 10:32:12.054 [info] Installing extension: rust-lang.rust {"isMachineScoped":false,"installPreReleaseVersion":false,"pinned":false,"profileLocation":{"$mid":1,"external":"vscode-userdata:/home/deepanshu/.vscode-oss/extensions/extensions.json","path":"/home/deepanshu/.vscode-oss/extensions/extensions.json","scheme":"vscode-userdata"},"isApplicationScoped":false,"productVersion":{"version":"1.98.0","date":"2025-03-05T19:34:05.325Z"}}
2025-03-18 10:32:13.642 [error] Could not load vsce-sign module Cannot find package '@vscode/vsce-sign' imported from /usr/lib/code/out/vs/code/electron-utility/sharedProcess/sharedProcessMain.js
2025-03-18 10:32:13.643 [info] Extension signature verification is not done: rust-lang.rust
2025-03-18 10:32:13.720 [info] Extracted extension to file:///home/deepanshu/.vscode-oss/extensions/rust-lang.rust-0.7.8-universal: rust-lang.rust
2025-03-18 10:32:13.731 [info] Renamed to /home/deepanshu/.vscode-oss/extensions/rust-lang.rust-0.7.8-universal
2025-03-18 10:32:13.755 [info] Extension installed successfully: rust-lang.rust vscode-userdata:/home/deepanshu/.vscode-oss/extensions/extensions.json
2025-03-18 10:32:13.837 [error] Could not load vsce-sign module Cannot find package '@vscode/vsce-sign' imported from /usr/lib/code/out/vs/code/electron-utility/sharedProcess/sharedProcessMain.js
2025-03-18 10:32:13.837 [info] Extension signature verification is not done: rust-lang.rust-analyzer
2025-03-18 10:32:14.317 [info] Extracted extension to file:///home/deepanshu/.vscode-oss/extensions/rust-lang.rust-analyzer-0.3.2345-linux-x64: rust-lang.rust-analyzer
2025-03-18 10:32:14.327 [info] Renamed to /home/deepanshu/.vscode-oss/extensions/rust-lang.rust-analyzer-0.3.2345-linux-x64
2025-03-18 10:32:14.361 [info] Extension installed successfully: rust-lang.rust-analyzer vscode-userdata:/home/deepanshu/.vscode-oss/extensions/extensions.json
