2025-04-07 16:54:46.161 [info] Reading sessions from keychain...
2025-04-07 16:54:46.161 [info] Getting sessions for all scopes...
2025-04-07 16:54:46.161 [info] Getting sessions for all scopes...
2025-04-07 16:54:46.161 [info] Getting sessions for all scopes...
2025-04-07 16:54:46.161 [info] Got 0 sessions for ...
2025-04-07 16:54:46.161 [info] Got 0 sessions for ...
2025-04-07 16:54:46.161 [info] Got 0 sessions for ...
2025-04-07 16:54:46.161 [info] Getting sessions for all scopes...
2025-04-07 16:54:46.161 [info] Got 0 sessions for ...
2025-04-07 16:54:46.161 [info] Getting sessions for all scopes...
2025-04-07 16:54:46.161 [info] Got 0 sessions for ...
2025-04-07 16:54:46.161 [info] Getting sessions for all scopes...
2025-04-07 16:54:46.161 [info] Got 0 sessions for ...
2025-04-07 16:54:46.161 [info] Getting sessions for all scopes...
2025-04-07 16:54:46.161 [info] Got 0 sessions for ...
2025-04-07 16:54:46.161 [info] Getting sessions for all scopes...
2025-04-07 16:54:46.161 [info] Got 0 sessions for ...
2025-04-07 16:54:46.165 [info] Getting sessions for all scopes...
2025-04-07 16:54:46.165 [info] Got 0 sessions for ...
2025-04-07 16:54:48.110 [info] Getting sessions for all scopes...
2025-04-07 16:54:48.110 [info] Got 0 sessions for ...
2025-04-07 16:54:48.943 [info] Getting sessions for read:user,repo,user:email,workflow...
2025-04-07 16:54:48.943 [info] Got 0 sessions for read:user,repo,user:email,workflow...
