2025-06-11T07:19:28.548Z - info: [ui] [AppStore] loading 0 repositories from store
2025-06-11T07:19:28.575Z - info: [ui] [Welcome] no sign in step found. ignoring...
2025-06-11T07:19:28.590Z - info: [ui] [Welcome] no sign in step found. ignoring...
2025-06-11T07:19:28.591Z - info: [ui] launching: 3.4.13-linux1 (Linux 6.12.32-1-lts)
2025-06-11T07:19:28.591Z - info: [ui] execPath: '/opt/github-desktop/github-desktop'
2025-06-11T07:19:28.599Z - info: [ui] [Welcome] no sign in step found. ignoring...
2025-06-11T07:19:28.612Z - info: [ui] [Welcome] no sign in step found. ignoring...
2025-06-11T07:19:28.630Z - info: [ui] [Welcome] no sign in step found. ignoring...
2025-06-11T07:19:28.639Z - info: [ui] [Welcome] no sign in step found. ignoring...
2025-06-11T07:19:29.563Z - info: [ui] Opt in reported.
2025-06-11T07:19:31.040Z - info: [ui] [Welcome] advancing to step: SignInToDotComWithBrowser
2025-06-11T07:19:31.042Z - info: [ui] [SignInStore] initializing OAuth flow
2025-06-11T07:19:31.042Z - info: [main] opening in browser: https://github.com/login/oauth/authorize?client_id=3a723b10ac5575cc5bb9&scope=repo%20user%20workflow&state=5696cb14-bc72-463b-97a9-dd3c62f5bdb9
2025-06-11T07:19:31.043Z - info: [ui] [Welcome] current sign in state not found. ignoring...
2025-06-11T07:19:33.634Z - info: [ui] [Welcome] kind Authentication is the same as Authentication. ignoring...
2025-06-11T07:19:36.835Z - info: [ui] [Welcome] kind Authentication is the same as Authentication. ignoring...
2025-06-11T07:19:57.082Z - info: [ui] [Welcome] kind Authentication is the same as Authentication. ignoring...
2025-06-11T07:20:05.218Z - info: [main] Received possible protocol arguments: 3
2025-06-11T07:20:05.218Z - info: [main] Processing protocol url
2025-06-11T07:20:05.309Z - info: [main] Received possible protocol arguments: 2
2025-06-11T07:20:05.312Z - info: [main] Processing protocol url
2025-06-11T07:20:05.452Z - info: [ui] [Welcome] kind Authentication is the same as Authentication. ignoring...
2025-06-11T07:20:06.835Z - info: [ui] [SignInStore] account resolved
2025-06-11T07:20:06.835Z - info: [ui] [AppStore] adding account Deepanshusharwan (Deepanshu Sharwan) to store
2025-06-11T07:20:07.025Z - info: [ui] [Welcome] advancing to step: ConfigureGit
2025-06-11T07:20:07.059Z - info: [ui] [Welcome] no sign in step found. ignoring...
2025-06-11T07:20:07.456Z - info: [ui] Subscribed 'Deepanshusharwan' to Alive channel
2025-06-11T07:20:07.481Z - info: [ui] [Welcome] no sign in step found. ignoring...
2025-06-11T07:21:17.197Z - info: [ui] [AppStore] adding repository at /home/deepanshu/github_repos/my_repositories/peppy to store
2025-06-11T07:21:17.885Z - info: [ui] [BranchPruner] No branches to prune.
2025-06-11T07:22:01.627Z - info: [ui] [RepositoryIndicatorUpdater]: Refreshing sidebar indicators for 1 repositories took 0.1s of which 0.0s paused, total 0.1s
2025-06-11T07:22:28.726Z - info: [ui] [Timing] Action 'create commit' for 'Deepanshusharwan/peppy' took 0.790s
2025-06-11T07:22:35.216Z - info: [ui] credential-helper: found GitHub credential for https://github.com/ in store
2025-06-11T07:22:36.137Z - info: [ui] Executing push: git push origin beta --set-upstream --progress (took 1.374s)
2025-06-11T07:22:36.617Z - info: [ui] credential-helper: found GitHub credential for https://github.com/ in store
2025-06-11T07:22:37.260Z - info: [ui] Executing fetch: git fetch --progress --prune --recurse-submodules=on-demand origin (took 1.122s)
2025-06-11T07:22:37.774Z - info: [ui] credential-helper: found GitHub credential for https://github.com/ in store
2025-06-11T07:22:38.594Z - info: [ui] Executing updateRemoteHEAD: git remote set-head -a origin (took 1.333s)
2025-06-11T07:50:15.527Z - info: [ui] [RepositoryIndicatorUpdater]: Refreshing sidebar indicators for 1 repositories took 0.5s of which 0.0s paused, total 0.5s
