2025-04-22 03:14:50 Loading main app package /usr/lib/obsidian/obsidian.asar
2025-04-22 03:14:50 Checking for update using Github
2025-04-22 03:14:50 Success.
2025-04-22 03:14:50 Latest version is 1.8.9
2025-04-22 03:14:50 App is up to date.
2025-04-22 03:15:40 Loading main app package /usr/lib/obsidian/obsidian.asar
2025-04-22 03:15:40 Checking for update using Github
2025-04-22 03:15:40 Success.
2025-04-22 03:15:40 Latest version is 1.8.9
2025-04-22 03:15:40 App is up to date.
2025-04-22 03:15:52 Loading main app package /usr/lib/obsidian/obsidian.asar
2025-04-22 03:15:52 Checking for update using Github
2025-04-22 03:15:52 Success.
2025-04-22 03:15:52 Latest version is 1.8.9
2025-04-22 03:15:52 App is up to date.
2025-04-22 05:34:38 Loading main app package /usr/lib/obsidian/obsidian.asar
2025-04-22 05:34:38 Checking for update using Github
2025-04-22 05:34:38 Success.
2025-04-22 05:34:38 Latest version is 1.8.9
2025-04-22 05:34:38 App is up to date.
2025-04-22 05:54:40 Loading main app package /usr/lib/obsidian/obsidian.asar
2025-04-22 05:54:40 Checking for update using Github
2025-04-22 05:55:23 Loading main app package /usr/lib/obsidian/obsidian.asar
2025-04-22 05:55:23 Checking for update using Github
2025-04-22 06:18:14 Loading main app package /usr/lib/obsidian/obsidian.asar
2025-04-22 06:18:14 Checking for update using Github
2025-04-22 06:19:59 Loading main app package /usr/lib/obsidian/obsidian.asar
2025-04-22 06:20:00 Checking for update using Github
2025-04-22 06:20:00 Success.
2025-04-22 06:20:00 Latest version is 1.8.9
2025-04-22 06:20:00 App is up to date.
2025-04-22 06:20:28 Loading main app package /usr/lib/obsidian/obsidian.asar
2025-04-22 06:20:28 Checking for update using Github
2025-04-22 06:20:28 Success.
2025-04-22 06:20:28 Latest version is 1.8.9
2025-04-22 06:20:28 App is up to date.
2025-04-22 06:20:31 Loading main app package /usr/lib/obsidian/obsidian.asar
2025-04-22 06:20:31 Checking for update using Github
2025-04-22 06:21:09 Loading main app package /usr/lib/obsidian/obsidian.asar
2025-04-22 06:21:09 Checking for update using Github
2025-04-22 06:21:09 Success.
2025-04-22 06:21:09 Latest version is 1.8.9
2025-04-22 06:21:09 App is up to date.
2025-04-22 06:21:22 Loading main app package /usr/lib/obsidian/obsidian.asar
2025-04-22 06:21:22 Checking for update using Github
2025-04-22 06:21:22 Success.
2025-04-22 06:21:22 Latest version is 1.8.9
2025-04-22 06:21:22 App is up to date.
2025-04-22 06:27:05 Loading main app package /usr/lib/obsidian/obsidian.asar
2025-04-22 06:27:05 Checking for update using Github
2025-04-22 06:27:06 Success.
2025-04-22 06:27:06 Latest version is 1.8.9
2025-04-22 06:27:06 App is up to date.
2025-04-22 06:27:26 Loading main app package /usr/lib/obsidian/obsidian.asar
2025-04-22 06:27:26 Checking for update using Github
2025-04-22 06:27:36 Loading main app package /usr/lib/obsidian/obsidian.asar
2025-04-22 06:27:36 Checking for update using Github
2025-04-22 06:27:36 Success.
2025-04-22 06:27:36 Latest version is 1.8.9
2025-04-22 06:27:36 App is up to date.
2025-04-22 06:27:39 Loading main app package /usr/lib/obsidian/obsidian.asar
2025-04-22 06:27:40 Checking for update using Github
2025-04-22 06:27:44 Loading main app package /usr/lib/obsidian/obsidian.asar
2025-04-22 06:27:45 Checking for update using Github
2025-04-22 06:27:45 Success.
2025-04-22 06:27:45 Latest version is 1.8.9
2025-04-22 06:27:45 App is up to date.
2025-04-22 06:28:05 Loading main app package /usr/lib/obsidian/obsidian.asar
2025-04-22 06:28:05 Checking for update using Github
2025-04-22 06:28:05 Success.
2025-04-22 06:28:05 Latest version is 1.8.9
2025-04-22 06:28:05 App is up to date.
2025-04-22 06:31:56 Loading main app package /usr/lib/obsidian/obsidian.asar
2025-04-22 06:31:56 Checking for update using Github
2025-04-22 06:31:56 Success.
2025-04-22 06:31:56 Latest version is 1.8.9
2025-04-22 06:31:56 App is up to date.
2025-04-22 09:29:12 Loading main app package /usr/lib/obsidian/obsidian.asar
2025-04-22 09:29:13 Checking for update using Github
2025-04-22 09:29:13 Success.
2025-04-22 09:29:13 Latest version is 1.8.9
2025-04-22 09:29:13 App is up to date.
2025-04-22 09:29:27 Loading main app package /usr/lib/obsidian/obsidian.asar
2025-04-22 09:29:27 Checking for update using Github
2025-04-22 09:29:27 Success.
2025-04-22 09:29:27 Latest version is 1.8.9
2025-04-22 09:29:27 App is up to date.
2025-04-22 09:30:25 Loading main app package /usr/lib/obsidian/obsidian.asar
2025-04-22 09:30:25 Checking for update using Github
2025-04-22 09:30:25 Success.
2025-04-22 09:30:25 Latest version is 1.8.9
2025-04-22 09:30:25 App is up to date.
2025-04-22 09:42:32 Loading main app package /usr/lib/obsidian/obsidian.asar
2025-04-22 09:42:32 Checking for update using Github
2025-04-22 09:42:32 Success.
2025-04-22 09:42:32 Latest version is 1.8.9
2025-04-22 09:42:32 App is up to date.
2025-04-22 09:46:05 Loading main app package /usr/lib/obsidian/obsidian.asar
2025-04-22 09:46:05 Checking for update using Github
2025-04-22 09:46:31 Loading main app package /usr/lib/obsidian/obsidian.asar
2025-04-22 09:46:31 Checking for update using Github
2025-04-22 09:46:42 Loading main app package /usr/lib/obsidian/obsidian.asar
2025-04-22 09:46:42 Checking for update using Github
2025-04-22 09:47:46 Loading main app package /usr/lib/obsidian/obsidian.asar
2025-04-22 09:47:46 Checking for update using Github
2025-04-22 09:48:00 Loading main app package /usr/lib/obsidian/obsidian.asar
2025-04-22 09:48:01 Checking for update using Github
2025-04-22 09:48:01 Success.
2025-04-22 09:48:01 Latest version is 1.8.9
2025-04-22 09:48:01 App is up to date.
2025-04-22 09:48:05 Loading main app package /usr/lib/obsidian/obsidian.asar
2025-04-22 09:48:05 Checking for update using Github
2025-04-22 09:48:05 Success.
2025-04-22 09:48:05 Latest version is 1.8.9
2025-04-22 09:48:05 App is up to date.
2025-04-22 09:48:11 Loading main app package /usr/lib/obsidian/obsidian.asar
2025-04-22 09:48:11 Checking for update using Github
2025-04-22 09:48:11 Success.
2025-04-22 09:48:11 Latest version is 1.8.9
2025-04-22 09:48:11 App is up to date.
2025-04-22 09:49:36 Loading main app package /usr/lib/obsidian/obsidian.asar
2025-04-22 09:49:37 Checking for update using Github
2025-04-22 09:49:37 Success.
2025-04-22 09:49:37 Latest version is 1.8.9
2025-04-22 09:49:37 App is up to date.
2025-04-22 09:49:45 Loading main app package /usr/lib/obsidian/obsidian.asar
2025-04-22 09:49:45 Checking for update using Github
2025-04-22 09:49:46 Success.
2025-04-22 09:49:46 Latest version is 1.8.9
2025-04-22 09:49:46 App is up to date.
2025-04-22 09:50:04 Loading main app package /usr/lib/obsidian/obsidian.asar
2025-04-22 09:50:05 Checking for update using Github
2025-04-22 09:50:05 Success.
2025-04-22 09:50:05 Latest version is 1.8.9
2025-04-22 09:50:05 App is up to date.
2025-04-22 09:50:11 Loading main app package /usr/lib/obsidian/obsidian.asar
2025-04-22 09:50:11 Checking for update using Github
2025-04-22 09:50:12 Success.
2025-04-22 09:50:12 Latest version is 1.8.9
2025-04-22 09:50:12 App is up to date.
2025-04-22 09:50:55 Loading main app package /usr/lib/obsidian/obsidian.asar
2025-04-22 09:50:56 Checking for update using Github
2025-04-22 09:50:56 Success.
2025-04-22 09:50:56 Latest version is 1.8.9
2025-04-22 09:50:56 App is up to date.
2025-04-22 09:50:58 Loading main app package /usr/lib/obsidian/obsidian.asar
2025-04-22 09:50:58 Checking for update using Github
2025-04-22 10:19:45 Loading main app package /usr/lib/obsidian/obsidian.asar
2025-04-22 10:19:45 Checking for update using Github
