2025-04-02 09:08:50.222 [info] Reading sessions from keychain...
2025-04-02 09:08:50.222 [info] Getting sessions for all scopes...
2025-04-02 09:08:50.222 [info] Getting sessions for all scopes...
2025-04-02 09:08:50.222 [info] Getting sessions for all scopes...
2025-04-02 09:08:50.222 [info] Got 0 sessions for ...
2025-04-02 09:08:50.222 [info] Got 0 sessions for ...
2025-04-02 09:08:50.222 [info] Got 0 sessions for ...
2025-04-02 09:08:50.222 [info] Getting sessions for all scopes...
2025-04-02 09:08:50.222 [info] Got 0 sessions for ...
2025-04-02 09:08:50.222 [info] Getting sessions for all scopes...
2025-04-02 09:08:50.222 [info] Got 0 sessions for ...
2025-04-02 09:08:50.222 [info] Getting sessions for all scopes...
2025-04-02 09:08:50.222 [info] Got 0 sessions for ...
2025-04-02 09:08:50.222 [info] Getting sessions for all scopes...
2025-04-02 09:08:50.222 [info] Got 0 sessions for ...
2025-04-02 09:08:50.222 [info] Getting sessions for all scopes...
2025-04-02 09:08:50.222 [info] Got 0 sessions for ...
2025-04-02 09:08:52.352 [info] Getting sessions for all scopes...
2025-04-02 09:08:52.352 [info] Got 0 sessions for ...
2025-04-02 09:19:59.869 [info] Getting sessions for read:user,repo,user:email,workflow...
2025-04-02 09:19:59.869 [info] Got 0 sessions for read:user,repo,user:email,workflow...
