2025-04-07 16:54:48.854 [info] [main] Log level: Info
2025-04-07 16:54:48.854 [info] [main] Validating found git in: "git"
2025-04-07 16:54:48.854 [info] [main] Using git "2.49.0" from "git"
2025-04-07 16:54:48.854 [info] [Model][doInitialScan] Initial repository scan started
2025-04-07 16:54:48.854 [info] > git rev-parse --show-toplevel [3ms]
2025-04-07 16:54:48.854 [info] > git rev-parse --git-dir --git-common-dir [1ms]
2025-04-07 16:54:48.860 [info] [Model][openRepository] Opened repository: /home/deepanshu/github_repos/my_repositories/dotfiles
2025-04-07 16:54:48.869 [info] > git rev-parse --show-toplevel [2ms]
2025-04-07 16:54:48.869 [info] > git config --get commit.template [4ms]
2025-04-07 16:54:48.897 [info] > git rev-parse --show-toplevel [12ms]
2025-04-07 16:54:48.901 [info] > git for-each-ref --format=%(refname)%00%(upstream:short)%00%(objectname)%00%(upstream:track)%00%(upstream:remotename)%00%(upstream:remoteref) refs/heads/main refs/remotes/main [4ms]
2025-04-07 16:54:48.901 [info] > git rev-parse --show-toplevel [1ms]
2025-04-07 16:54:48.903 [info] [Model][doInitialScan] Initial repository scan completed - repositories (1), closed repositories (0), parent repositories (0), unsafe repositories (0)
2025-04-07 16:54:48.912 [info] > git for-each-ref --sort -committerdate --format %(refname)%00%(objectname)%00%(*objectname) [2ms]
2025-04-07 16:54:48.917 [info] > git status -z -uall [10ms]
2025-04-07 16:54:48.934 [info] > git for-each-ref --format=%(refname)%00%(upstream:short)%00%(objectname)%00%(upstream:track)%00%(upstream:remotename)%00%(upstream:remoteref) refs/heads/main refs/remotes/main [5ms]
2025-04-07 16:54:48.939 [info] > git config --get --local branch.main.vscode-merge-base [1ms]
2025-04-07 16:54:48.939 [warning] [Git][config] git config failed: Failed to execute git
2025-04-07 16:54:48.942 [info] > git config --get commit.template [8ms]
2025-04-07 16:54:48.947 [info] > git for-each-ref --format=%(refname)%00%(upstream:short)%00%(objectname)%00%(upstream:track)%00%(upstream:remotename)%00%(upstream:remoteref) refs/heads/main refs/remotes/main [2ms]
2025-04-07 16:54:48.954 [info] > git reflog main --grep-reflog=branch: Created from *. [12ms]
2025-04-07 16:54:48.957 [info] > git for-each-ref --sort -committerdate --format %(refname)%00%(objectname)%00%(*objectname) [4ms]
2025-04-07 16:54:48.958 [info] > git symbolic-ref --short refs/remotes/origin/HEAD [2ms]
2025-04-07 16:54:48.962 [info] > git status -z -uall [12ms]
2025-04-07 16:54:48.962 [info] > git for-each-ref --format=%(refname)%00%(upstream:short)%00%(objectname)%00%(upstream:track)%00%(upstream:remotename)%00%(upstream:remoteref) refs/heads/origin/main refs/remotes/origin/main [2ms]
2025-04-07 16:54:48.970 [info] > git config --add --local branch.main.vscode-merge-base origin/main [5ms]
2025-04-07 16:54:48.974 [info] > git for-each-ref --format=%(refname)%00%(upstream:short)%00%(objectname)%00%(upstream:track)%00%(upstream:remotename)%00%(upstream:remoteref) refs/heads/main refs/remotes/main [5ms]
2025-04-07 16:54:48.977 [info] > git config --get commit.template [3ms]
2025-04-07 16:54:48.981 [info] > git config --get --local branch.main.vscode-merge-base [3ms]
2025-04-07 16:54:48.985 [info] > git for-each-ref --format=%(refname)%00%(upstream:short)%00%(objectname)%00%(upstream:track)%00%(upstream:remotename)%00%(upstream:remoteref) refs/heads/main refs/remotes/main [4ms]
2025-04-07 16:54:48.985 [info] > git for-each-ref --format=%(refname)%00%(upstream:short)%00%(objectname)%00%(upstream:track)%00%(upstream:remotename)%00%(upstream:remoteref) refs/heads/origin/main refs/remotes/origin/main [1ms]
2025-04-07 16:54:48.999 [info] > git merge-base refs/heads/main refs/remotes/origin/main [10ms]
2025-04-07 16:54:49.007 [info] > git status -z -uall [14ms]
2025-04-07 16:54:49.008 [info] > git for-each-ref --sort -committerdate --format %(refname)%00%(objectname)%00%(*objectname) [11ms]
2025-04-07 16:54:49.034 [info] > git merge-base refs/heads/main refs/remotes/origin/main [13ms]
2025-04-07 16:54:49.041 [info] > git diff --name-status -z --diff-filter=ADMR d0e118169b7486d40b3601dd487b9e80ba7f67e3...refs/remotes/origin/main [35ms]
2025-04-07 16:54:49.043 [info] > git diff --name-status -z --diff-filter=ADMR d0e118169b7486d40b3601dd487b9e80ba7f67e3...refs/remotes/origin/main [2ms]
2025-04-07 16:54:49.044 [info] > git merge-base refs/heads/main refs/remotes/origin/main [13ms]
2025-04-07 16:54:49.057 [info] > git diff --name-status -z --diff-filter=ADMR d0e118169b7486d40b3601dd487b9e80ba7f67e3...refs/remotes/origin/main [6ms]
2025-04-07 16:54:49.380 [info] > git check-ignore -v -z --stdin [2ms]
2025-04-07 16:54:50.124 [info] > git config --get commit.template [15ms]
2025-04-07 16:54:50.125 [info] > git for-each-ref --format=%(refname)%00%(upstream:short)%00%(objectname)%00%(upstream:track)%00%(upstream:remotename)%00%(upstream:remoteref) refs/heads/main refs/remotes/main [6ms]
2025-04-07 16:54:50.142 [info] > git for-each-ref --sort -committerdate --format %(refname)%00%(objectname)%00%(*objectname) [3ms]
2025-04-07 16:54:50.146 [info] > git status -z -uall [14ms]
2025-04-07 16:54:51.552 [info] > git check-ignore -v -z --stdin [3ms]
2025-04-07 16:54:53.079 [info] > git show --textconv :bashrc/.bashrc [5ms]
2025-04-07 16:54:53.081 [info] > git ls-files --stage -- bashrc/.bashrc [2ms]
2025-04-07 16:54:53.087 [info] > git cat-file -s b0b5b254cb241f0359416315ee5a7fa040a1a208 [2ms]
