2024-12-31 19:14:00.925 [info] Extension host with pid 120514 started
2024-12-31 19:14:00.925 [info] Skipping acquiring lock for /home/deepanshu/.config/Code - OSS/User/workspaceStorage/4b95c4efdd35bf174aa3e1a3fed0e972.
2024-12-31 19:14:01.022 [info] ExtensionService#_doActivateExtension vscode.git-base, startup: true, activationEvent: '*'
2024-12-31 19:14:01.028 [info] ExtensionService#_doActivateExtension vscode.github, startup: true, activationEvent: '*'
2024-12-31 19:14:01.052 [info] Eager extensions activated
2024-12-31 19:14:01.103 [info] ExtensionService#_doActivateExtension vscode.debug-auto-launch, startup: false, activationEvent: 'onStartupFinished'
2024-12-31 19:14:01.105 [info] ExtensionService#_doActivateExtension vscode.merge-conflict, startup: false, activationEvent: 'onStartupFinished'
2024-12-31 19:14:03.421 [info] ExtensionService#_doActivateExtension vscode.git, startup: false, activationEvent: 'api', root cause: vscode.github
2024-12-31 19:14:19.842 [info] ExtensionService#_doActivateExtension ms-python.python, startup: false, activationEvent: 'onLanguage:python', root cause: ms-python.debugpy
2024-12-31 19:14:20.018 [info] ExtensionService#_doActivateExtension vscode.emmet, startup: false, activationEvent: 'onLanguage'
2024-12-31 19:14:20.095 [info] ExtensionService#_doActivateExtension ms-python.debugpy, startup: false, activationEvent: 'onLanguage:python'
2024-12-31 19:14:20.135 [error] Activating extension ms-python.debugpy failed due to an error:
2024-12-31 19:14:20.135 [error] Error: Extension 'ms-python.debugpy' CANNOT use API proposal: portsAttributes.
Its package.json#enabledApiProposals-property declares:  but NOT portsAttributes.
 The missing proposal MUST be added and you must start in extension development mode or use the following command line switch: --enable-proposed-api ms-python.debugpy
	at L (file:///usr/lib/code/out/vs/workbench/api/node/extensionHostProcess.js:113:16650)
	at Object.registerPortAttributesProvider (file:///usr/lib/code/out/vs/workbench/api/node/extensionHostProcess.js:157:55936)
	at t.registerDebugger (/home/deepanshu/.vscode-oss/extensions/ms-python.debugpy-2024.14.0-linux-x64/dist/extension.js:2:846294)
	at e.activate (/home/deepanshu/.vscode-oss/extensions/ms-python.debugpy-2024.14.0-linux-x64/dist/extension.js:2:1095248)
	at Pw.kb (file:///usr/lib/code/out/vs/workbench/api/node/extensionHostProcess.js:119:15214)
	at Pw.jb (file:///usr/lib/code/out/vs/workbench/api/node/extensionHostProcess.js:119:14921)
	at file:///usr/lib/code/out/vs/workbench/api/node/extensionHostProcess.js:119:13079
	at async K0.n (file:///usr/lib/code/out/vs/workbench/api/node/extensionHostProcess.js:115:4447)
	at async K0.m (file:///usr/lib/code/out/vs/workbench/api/node/extensionHostProcess.js:115:4410)
	at async K0.l (file:///usr/lib/code/out/vs/workbench/api/node/extensionHostProcess.js:115:3866)
2024-12-31 19:14:21.190 [error] Error: Extension 'ms-python.python' CANNOT use API proposal: testObserver.
Its package.json#enabledApiProposals-property declares:  but NOT testObserver.
 The missing proposal MUST be added and you must start in extension development mode or use the following command line switch: --enable-proposed-api ms-python.python
	at L (file:///usr/lib/code/out/vs/workbench/api/node/extensionHostProcess.js:113:16650)
	at get testResults (file:///usr/lib/code/out/vs/workbench/api/node/extensionHostProcess.js:157:39656)
	at C.activate (/home/deepanshu/.vscode-oss/extensions/ms-python.python-2024.22.1-universal/out/client/extension.js:2:932762)
	at /home/deepanshu/.vscode-oss/extensions/ms-python.python-2024.22.1-universal/out/client/extension.js:2:2457
	at Array.map (<anonymous>)
	at v.activateWorkspace (/home/deepanshu/.vscode-oss/extensions/ms-python.python-2024.22.1-universal/out/client/extension.js:2:2447)
2024-12-31 19:15:19.154 [info] ExtensionService#_doActivateExtension vscode.debug-server-ready, startup: false, activationEvent: 'onDebugResolve'
2024-12-31 19:15:50.055 [error] Error: Invalid debug adapter
    at mVt.p (vscode-file://vscode-app/usr/lib/code/out/vs/workbench/workbench.desktop.main.js:748:95)
    at mVt.$acceptDAExit (vscode-file://vscode-app/usr/lib/code/out/vs/workbench/workbench.desktop.main.js:748:35)
    at Fdt.S (vscode-file://vscode-app/usr/lib/code/out/vs/workbench/workbench.desktop.main.js:3145:41680)
    at Fdt.Q (vscode-file://vscode-app/usr/lib/code/out/vs/workbench/workbench.desktop.main.js:3145:41458)
    at Fdt.M (vscode-file://vscode-app/usr/lib/code/out/vs/workbench/workbench.desktop.main.js:3145:40546)
    at Fdt.L (vscode-file://vscode-app/usr/lib/code/out/vs/workbench/workbench.desktop.main.js:3145:39783)
    at aee.value (vscode-file://vscode-app/usr/lib/code/out/vs/workbench/workbench.desktop.main.js:3145:38444)
    at x.B (vscode-file://vscode-app/usr/lib/code/out/vs/workbench/workbench.desktop.main.js:30:748)
    at x.fire (vscode-file://vscode-app/usr/lib/code/out/vs/workbench/workbench.desktop.main.js:30:967)
    at K6.fire (vscode-file://vscode-app/usr/lib/code/out/vs/workbench/workbench.desktop.main.js:762:10348)
2024-12-31 19:18:07.390 [info] Extension host terminating: renderer closed the MessagePort
2024-12-31 19:18:07.398 [info] Extension host with pid 120514 exiting with code 0
