2025-02-07 23:28:32.695 [info] Added views:outline in workbench.view.explorer
2025-02-07 23:28:32.695 [info] Added views:workbench.view.search in workbench.view.search
2025-02-07 23:28:32.695 [info] Added views:workbench.scm in workbench.view.scm
2025-02-07 23:28:32.695 [info] Added views:workbench.panel.markers.view in workbench.panel.markers
2025-02-07 23:28:32.695 [info] Added views:workbench.panel.output in workbench.panel.output
2025-02-07 23:28:32.695 [info] Added views:terminal in terminal
2025-02-07 23:28:32.695 [info] Added views:timeline in workbench.view.explorer
2025-02-07 23:28:32.695 [info] Added views:workbench.explorer.emptyView in workbench.view.explorer
2025-02-07 23:28:32.810 [info] Added views:workbench.debug.welcome in workbench.view.debug
2025-02-07 23:28:33.765 [info] Added views:~remote.forwardedPorts in ~remote.forwardedPortsContainer
2025-02-07 23:28:33.834 [info] Added views:workbench.panel.repl.view in workbench.panel.repl
2025-02-07 23:29:04.987 [info] Added views:outline in workbench.view.explorer
2025-02-07 23:29:04.987 [info] Added views:workbench.view.search in workbench.view.search
2025-02-07 23:29:04.987 [info] Added views:workbench.scm in workbench.view.scm
2025-02-07 23:29:04.987 [info] Added views:workbench.panel.markers.view in workbench.panel.markers
2025-02-07 23:29:04.987 [info] Added views:workbench.panel.output in workbench.panel.output
2025-02-07 23:29:04.987 [info] Added views:terminal in terminal
2025-02-07 23:29:04.987 [info] Added views:timeline in workbench.view.explorer
2025-02-07 23:29:04.987 [info] Added views:workbench.explorer.fileView in workbench.view.explorer
2025-02-07 23:29:05.303 [info] Added views:workbench.debug.variablesView,workbench.debug.watchExpressionsView,workbench.debug.callStackView,workbench.debug.breakPointsView in workbench.view.debug
2025-02-07 23:29:05.330 [info] Added views:~remote.forwardedPorts in ~remote.forwardedPortsContainer
2025-02-07 23:29:05.468 [info] Added views:workbench.panel.repl.view in workbench.panel.repl
2025-02-07 23:29:05.469 [info] Removed views:workbench.debug.breakPointsView,workbench.debug.callStackView,workbench.debug.watchExpressionsView,workbench.debug.variablesView from workbench.view.debug
2025-02-07 23:29:05.469 [info] Added views:workbench.debug.welcome in workbench.view.debug
2025-02-07 23:29:05.709 [info] Added views:workbench.view.testing in workbench.view.extension.test
2025-02-07 23:29:05.787 [info] Added views:workbench.scm.history in workbench.view.scm
2025-02-07 23:31:15.703 [info] Removed views:workbench.scm.history from workbench.view.scm
2025-02-07 23:31:15.705 [info] Removed views:workbench.view.testing from workbench.view.extension.test
