2025-02-07 23:28:34.044 [info] [main] Log level: Info
2025-02-07 23:28:34.044 [info] [main] Validating found git in: "git"
2025-02-07 23:28:34.044 [info] [main] Using git "2.48.1" from "git"
2025-02-07 23:28:34.044 [info] [Model][doInitialScan] Initial repository scan started
2025-02-07 23:28:34.044 [info] > git rev-parse --show-toplevel [4ms]
2025-02-07 23:28:34.044 [info] fatal: not a git repository (or any parent up to mount point /)
Stopping at filesystem boundary (GIT_DISCOVERY_ACROSS_FILESYSTEM not set).
2025-02-07 23:28:34.044 [info] [Model][doInitialScan] Initial repository scan completed - repositories (0), closed repositories (0), parent repositories (0), unsafe repositories (0)
2025-02-07 23:29:05.776 [info] [main] Log level: Info
2025-02-07 23:29:05.776 [info] [main] Validating found git in: "git"
2025-02-07 23:29:05.776 [info] [main] Using git "2.48.1" from "git"
2025-02-07 23:29:05.776 [info] [Model][doInitialScan] Initial repository scan started
2025-02-07 23:29:05.776 [info] > git rev-parse --show-toplevel [7ms]
2025-02-07 23:29:05.781 [info] > git rev-parse --git-dir --git-common-dir [1ms]
2025-02-07 23:29:05.789 [info] [Model][openRepository] Opened repository: /home/deepanshu/github_repos/my_repositories/Turtle-shell
2025-02-07 23:29:05.814 [info] > git config --get commit.template [18ms]
2025-02-07 23:29:05.834 [info] > git for-each-ref --format=%(refname)%00%(upstream:short)%00%(objectname)%00%(upstream:track)%00%(upstream:remotename)%00%(upstream:remoteref) refs/heads/main refs/remotes/main [6ms]
2025-02-07 23:29:05.842 [info] > git rev-parse --show-toplevel [9ms]
2025-02-07 23:29:05.849 [info] > git status -z -uall [11ms]
2025-02-07 23:29:05.850 [info] > git rev-parse --show-toplevel [2ms]
2025-02-07 23:29:05.850 [info] > git for-each-ref --sort -committerdate --format %(refname) %(objectname) %(*objectname) [9ms]
2025-02-07 23:29:05.867 [info] > git for-each-ref --format=%(refname)%00%(upstream:short)%00%(objectname)%00%(upstream:track)%00%(upstream:remotename)%00%(upstream:remoteref) refs/heads/main refs/remotes/main [11ms]
2025-02-07 23:29:05.874 [info] > git config --local branch.main.vscode-merge-base [2ms]
2025-02-07 23:29:05.874 [warning] [Git][config] git config failed: Failed to execute git
2025-02-07 23:29:05.879 [info] > git config --get commit.template [13ms]
2025-02-07 23:29:05.879 [info] > git rev-parse --show-toplevel [16ms]
2025-02-07 23:29:05.904 [info] > git reflog main --grep-reflog=branch: Created from *. [26ms]
2025-02-07 23:29:05.913 [info] > git symbolic-ref --short refs/remotes/origin/HEAD [6ms]
2025-02-07 23:29:05.916 [info] > git rev-parse --show-toplevel [12ms]
2025-02-07 23:29:05.926 [info] > git for-each-ref --format=%(refname)%00%(upstream:short)%00%(objectname)%00%(upstream:track)%00%(upstream:remotename)%00%(upstream:remoteref) refs/heads/main refs/remotes/main [14ms]
2025-02-07 23:29:05.934 [info] > git status -z -uall [4ms]
2025-02-07 23:29:05.935 [info] > git rev-parse --show-toplevel [9ms]
2025-02-07 23:29:05.935 [info] > git for-each-ref --format=%(refname)%00%(upstream:short)%00%(objectname)%00%(upstream:track)%00%(upstream:remotename)%00%(upstream:remoteref) refs/heads/origin/main refs/remotes/origin/main [19ms]
2025-02-07 23:29:05.942 [info] > git for-each-ref --sort -committerdate --format %(refname) %(objectname) %(*objectname) [9ms]
2025-02-07 23:29:05.949 [info] > git rev-parse --show-toplevel [7ms]
2025-02-07 23:29:05.949 [info] > git config --local branch.main.vscode-merge-base origin/main [10ms]
2025-02-07 23:29:05.957 [info] > git for-each-ref --format=%(refname)%00%(upstream:short)%00%(objectname)%00%(upstream:track)%00%(upstream:remotename)%00%(upstream:remoteref) refs/heads/main refs/remotes/main [10ms]
2025-02-07 23:29:05.965 [info] > git config --local branch.main.vscode-merge-base [4ms]
2025-02-07 23:29:05.971 [info] > git config --get commit.template [15ms]
2025-02-07 23:29:05.971 [info] > git rev-parse --show-toplevel [18ms]
2025-02-07 23:29:05.986 [info] > git for-each-ref --format=%(refname)%00%(upstream:short)%00%(objectname)%00%(upstream:track)%00%(upstream:remotename)%00%(upstream:remoteref) refs/heads/origin/main refs/remotes/origin/main [15ms]
2025-02-07 23:29:05.996 [info] > git for-each-ref --format=%(refname)%00%(upstream:short)%00%(objectname)%00%(upstream:track)%00%(upstream:remotename)%00%(upstream:remoteref) refs/heads/main refs/remotes/main [11ms]
2025-02-07 23:29:06.004 [info] > git rev-parse --show-toplevel [27ms]
2025-02-07 23:29:06.005 [info] [Model][doInitialScan] Initial repository scan completed - repositories (1), closed repositories (0), parent repositories (0), unsafe repositories (0)
2025-02-07 23:29:06.008 [info] > git status -z -uall [7ms]
2025-02-07 23:29:06.008 [info] > git for-each-ref --sort -committerdate --format %(refname) %(objectname) %(*objectname) [4ms]
2025-02-07 23:29:06.303 [info] > git check-ignore -v -z --stdin [1ms]
2025-02-07 23:29:07.082 [info] > git config --get commit.template [3ms]
2025-02-07 23:29:07.093 [info] > git for-each-ref --format=%(refname)%00%(upstream:short)%00%(objectname)%00%(upstream:track)%00%(upstream:remotename)%00%(upstream:remoteref) refs/heads/main refs/remotes/main [2ms]
2025-02-07 23:29:07.114 [info] > git for-each-ref --sort -committerdate --format %(refname) %(objectname) %(*objectname) [2ms]
2025-02-07 23:29:07.114 [info] > git status -z -uall [12ms]
2025-02-07 23:29:09.638 [info] > git check-ignore -v -z --stdin [2ms]
2025-02-07 23:29:10.858 [info] > git show --textconv :app/main.py [5ms]
2025-02-07 23:29:10.859 [info] > git ls-files --stage -- /home/deepanshu/github_repos/my_repositories/Turtle-shell/app/main.py [1ms]
2025-02-07 23:29:10.865 [info] > git cat-file -s 2afc0fff8d72e61441c1545cc818df891549facf [1ms]
