00:00:00.301811 VirtualBox GUI VM Selector Window 7.1.6 r167084 linux.amd64 (Jan 27 2025 07:52:25) release log
00:00:00.301813 Log opened 2025-04-01T14:19:55.059691000Z
00:00:00.301813 Build Type: release
00:00:00.301815 OS Product: Linux
00:00:00.301816 OS Release: 6.12.21-1-lts
00:00:00.301817 OS Version: #1 SMP PREEMPT_DYNAMIC Sat, 29 Mar 2025 06:39:46 +0000
00:00:00.301842 DMI Product Name: Vivobook_ASUSLaptop K5504VA_S5504VA
00:00:00.301851 DMI Product Version: 1.0       
00:00:00.301856 Firmware type: UEFI
00:00:00.302268 Secure Boot: Disabled
00:00:00.302309 Host RAM: 15621MB (15.2GB) total, 14085MB (13.7GB) available
00:00:00.302311 Executable: /usr/lib/virtualbox/VirtualBox
00:00:00.302312 Process ID: 4097
00:00:00.302312 Package type: LINUX_64BITS_GENERIC (OSE)
00:00:00.302343 Qt version: 6.8.3
00:00:00.303106 GUI: UIMediumEnumerator: Initial medium-enumeration finished!
00:00:00.310374 GUI: UIMediumEnumerator: Medium-enumeration started...
00:00:00.661950 GUI: UIMediumEnumerator: Medium-enumeration finished!
00:00:05.121699 GUI: UIInvisibleWindow::sltFallback: Move event missing. Screen: 0, work area: 863x485 x 800x800
00:00:05.121798 GUI: UIDesktopWidgetWatchdog::sltHandleHostScreenAvailableGeometryCalculated: Screen 0 work area is actually resized to: 863x485 x 800x800
00:06:55.474645 GUI: UIMediumEnumerator: Medium-enumeration finished!
00:06:58.532875 GUI: UIMediumEnumerator: Medium-enumeration finished!
00:07:49.431053 GUI: UIMediumEnumerator: Medium-enumeration finished!
00:08:48.682869 GUI: UIMediumEnumerator: Medium-enumeration finished!
00:08:51.956148 GUI: UIMediumEnumerator: Medium-enumeration finished!
00:11:35.439710 GUI: UIMediumEnumerator: Medium-enumeration finished!
00:14:40.799513 GUI: UIMediumEnumerator: Medium-enumeration finished!
00:18:30.674907 GUI: UIMediumEnumerator: Medium-enumeration finished!
00:18:33.721620 GUI: UIMediumEnumerator: Medium-enumeration finished!
00:20:54.108972 GUI: UICommon: Handling aboutToQuit request..
00:20:54.952177 GUI: UICommon: aboutToQuit request handled!
