00:00:00.001252 main     VirtualBox XPCOM Server 7.1.8 r168469 linux.amd64 (Apr 15 2025 18:05:05) release log
00:00:00.001256 main     Log opened 2025-04-18T06:40:38.679092000Z
00:00:00.001257 main     Build Type: release
00:00:00.001260 main     OS Product: Linux
00:00:00.001261 main     OS Release: 6.12.23-1-lts
00:00:00.001262 main     OS Version: #1 SMP PREEMPT_DYNAMIC Thu, 10 Apr 2025 13:28:36 +0000
00:00:00.001294 main     DMI Product Name: Vivobook_ASUSLaptop K5504VA_S5504VA
00:00:00.001303 main     DMI Product Version: 1.0       
00:00:00.001309 main     Firmware type: UEFI
00:00:00.001751 main     Secure Boot: Disabled
00:00:00.001800 main     Host RAM: 15621MB (15.2GB) total, 13064MB (12.7GB) available
00:00:00.001805 main     Executable: /usr/lib/virtualbox/VBoxSVC
00:00:00.001805 main     Process ID: 4298
00:00:00.001806 main     Package type: LINUX_64BITS_GENERIC (OSE)
00:00:00.004050 main     IPC socket path: /tmp/.vbox-deepanshu-ipc/ipcd
00:00:00.049781 DCon01   VirtualBox: object creation starts
00:00:00.049904 DCon01   Home directory: '/home/deepanshu/.config/VirtualBox'
00:00:00.050165 DCon01   Loading settings file "/home/deepanshu/.config/VirtualBox/VirtualBox.xml" with version "1.12-linux"
00:00:00.065939 DCon01   NetIfAdpCtlOut: VBoxNetAdpCtl: Error while retrieving link speed for wlo1: VBoxNetAdpCtl: ioctl failed: Operation not supported
00:00:00.067551 DCon01   HostDnsMonitor: initializing
00:00:00.068162 DCon01   NAT: resolv.conf: nameserver 103.70.164.12
00:00:00.068181 DCon01   NAT: resolv.conf: nameserver 103.70.164.8
00:00:00.068197 DCon01   HostDnsMonitor: updating information
00:00:00.068218 DCon01   HostDnsMonitor: old information
00:00:00.068224 DCon01     no server entries
00:00:00.068229 DCon01     no domain set
00:00:00.068234 DCon01     no search string entries
00:00:00.068238 DCon01   HostDnsMonitor: new information
00:00:00.068242 DCon01     server 1: 103.70.164.12
00:00:00.068247 DCon01     server 2: 103.70.164.8
00:00:00.068252 DCon01     domain: www.tendawifi.com
00:00:00.068256 DCon01     search string 1: www.tendawifi.com
00:00:00.071145 DCon01   VD: VDInit finished with VINF_SUCCESS
00:00:00.071306 DCon01   ERROR [COM]: aRC=NS_ERROR_FAILURE (0x80004005) aIID={925084b0-625f-422f-a67d-0ede1880a56c} aComponent={SystemPropertiesWrap} aText={Cannot determine default Guest Additions ISO location. Most likely they are not available}, preserve=false aResultDetail=0
00:00:00.072096 DCon01   Platform architecture set to 'x86'
00:00:00.072623 DCon01   Loading settings file "/home/deepanshu/VirtualBox VMs/window/window.vbox" with version "1.19-linux"
00:00:00.072883 DCon01   Platform architecture set to 'x86'
00:00:00.073354 DCon01   Platform architecture set to 'x86'
00:00:00.073999 DCon01   Loading settings file "/home/deepanshu/VirtualBox VMs/arch/arch.vbox" with version "1.19-linux"
00:00:00.074232 DCon01   Platform architecture set to 'x86'
00:00:00.075150 DCon01   VirtualBox: object created
00:00:00.613685 DCon04   WARNING [COM]: aRC=NS_ERROR_FAILURE (0x80004005) aIID={d5dcece0-b202-4416-a138-03502784cc07} aComponent={HostWrap} aText={VirtualBox is not currently allowed to access USB devices.  You can change this by adding your user to the 'vboxusers' group.  Please see the user manual for a more detailed explanation}, preserve=true aResultDetail=0
00:00:00.614399 DCon04   WARNING [COM]: aRC=NS_ERROR_FAILURE (0x80004005) aIID={d5dcece0-b202-4416-a138-03502784cc07} aComponent={HostWrap} aText={VirtualBox is not currently allowed to access USB devices.  You can change this by adding your user to the 'vboxusers' group.  Please see the user manual for a more detailed explanation}, preserve=false aResultDetail=0
00:00:00.669168 DCon04   ERROR [COM]: aRC=VBOX_E_OBJECT_NOT_FOUND (0x80bb0001) aIID={5bfd8965-b81b-469f-8649-f717ce97a5d5} aComponent={NvramStoreWrap} aText={The UEFI NVRAM file is not existing for this machine}, preserve=false aResultDetail=0
00:00:00.733413 DCon02   ERROR [COM]: aRC=VBOX_E_INVALID_VM_STATE (0x80bb0002) aIID={e36a5081-a82a-40bd-9e4e-42a44d6ce50f} aComponent={MachineWrap} aText={The machine is not mutable, saved or running (state is PoweredOff)}, preserve=false aResultDetail=0
00:00:00.780099 DCon04   WARNING [COM]: aRC=NS_ERROR_FAILURE (0x80004005) aIID={d5dcece0-b202-4416-a138-03502784cc07} aComponent={HostWrap} aText={VirtualBox is not currently allowed to access USB devices.  You can change this by adding your user to the 'vboxusers' group.  Please see the user manual for a more detailed explanation}, preserve=true aResultDetail=0
00:00:00.780795 DCon04   WARNING [COM]: aRC=NS_ERROR_FAILURE (0x80004005) aIID={d5dcece0-b202-4416-a138-03502784cc07} aComponent={HostWrap} aText={VirtualBox is not currently allowed to access USB devices.  You can change this by adding your user to the 'vboxusers' group.  Please see the user manual for a more detailed explanation}, preserve=true aResultDetail=0
00:00:00.952381 DCon04   Saving settings file "/home/deepanshu/.config/VirtualBox/VirtualBox.xml" with version "1.12-linux"
00:00:00.962892 DCon04   Finished saving settings file "/home/deepanshu/.config/VirtualBox/VirtualBox.xml"
00:00:03.240709 DCon04   Saving settings file "/home/deepanshu/.config/VirtualBox/VirtualBox.xml" with version "1.12-linux"
00:00:03.249647 DCon04   Finished saving settings file "/home/deepanshu/.config/VirtualBox/VirtualBox.xml"
00:00:03.253080 DCon04   WARNING [COM]: aRC=NS_ERROR_FAILURE (0x80004005) aIID={d5dcece0-b202-4416-a138-03502784cc07} aComponent={HostWrap} aText={VirtualBox is not currently allowed to access USB devices.  You can change this by adding your user to the 'vboxusers' group.  Please see the user manual for a more detailed explanation}, preserve=true aResultDetail=0
00:00:03.264139 DCon04   NvramStore: Loading 'TpmEmuTpms/permall' from archive
00:00:03.264185 DCon04   NvramStore: Loading 'efi/nvram' from archive
00:00:03.286655 DCon02   ERROR [COM]: aRC=VBOX_E_INVALID_VM_STATE (0x80bb0002) aIID={e36a5081-a82a-40bd-9e4e-42a44d6ce50f} aComponent={MachineWrap} aText={The machine is not mutable, saved or running (state is PoweredOff)}, preserve=false aResultDetail=0
00:00:03.320971 DCon02   WARNING [COM]: aRC=NS_ERROR_FAILURE (0x80004005) aIID={d5dcece0-b202-4416-a138-03502784cc07} aComponent={HostWrap} aText={VirtualBox is not currently allowed to access USB devices.  You can change this by adding your user to the 'vboxusers' group.  Please see the user manual for a more detailed explanation}, preserve=true aResultDetail=0
00:00:03.322391 DCon02   WARNING [COM]: aRC=NS_ERROR_FAILURE (0x80004005) aIID={d5dcece0-b202-4416-a138-03502784cc07} aComponent={HostWrap} aText={VirtualBox is not currently allowed to access USB devices.  You can change this by adding your user to the 'vboxusers' group.  Please see the user manual for a more detailed explanation}, preserve=true aResultDetail=0
00:00:05.295453 DCon06   Launched VM: 1140853680 pid: 4342 (0x10f6) frontend: GUI/Qt name: window
00:00:05.367811 DCon07   ERROR [COM]: aRC=VBOX_E_INVALID_VM_STATE (0x80bb0002) aIID={e36a5081-a82a-40bd-9e4e-42a44d6ce50f} aComponent={MachineWrap} aText={The machine is not mutable, saved or running (state is PoweredOff)}, preserve=false aResultDetail=0
00:00:05.413911 DCon04   WARNING [COM]: aRC=NS_ERROR_FAILURE (0x80004005) aIID={d5dcece0-b202-4416-a138-03502784cc07} aComponent={HostWrap} aText={VirtualBox is not currently allowed to access USB devices.  You can change this by adding your user to the 'vboxusers' group.  Please see the user manual for a more detailed explanation}, preserve=true aResultDetail=0
00:00:05.414793 DCon04   WARNING [COM]: aRC=NS_ERROR_FAILURE (0x80004005) aIID={d5dcece0-b202-4416-a138-03502784cc07} aComponent={HostWrap} aText={VirtualBox is not currently allowed to access USB devices.  You can change this by adding your user to the 'vboxusers' group.  Please see the user manual for a more detailed explanation}, preserve=true aResultDetail=0
00:00:05.541849 DCon03   Platform architecture set to 'x86'
00:00:05.575846 DCon08   ERROR [COM]: aRC=VBOX_E_INVALID_VM_STATE (0x80bb0002) aIID={e36a5081-a82a-40bd-9e4e-42a44d6ce50f} aComponent={MachineWrap} aText={The machine is not mutable, saved or running (state is PoweredOff)}, preserve=false aResultDetail=0
00:00:05.589184 DCon08   WARNING [COM]: aRC=NS_ERROR_FAILURE (0x80004005) aIID={d5dcece0-b202-4416-a138-03502784cc07} aComponent={HostWrap} aText={VirtualBox is not currently allowed to access USB devices.  You can change this by adding your user to the 'vboxusers' group.  Please see the user manual for a more detailed explanation}, preserve=true aResultDetail=0
00:00:05.590295 DCon08   WARNING [COM]: aRC=NS_ERROR_FAILURE (0x80004005) aIID={d5dcece0-b202-4416-a138-03502784cc07} aComponent={HostWrap} aText={VirtualBox is not currently allowed to access USB devices.  You can change this by adding your user to the 'vboxusers' group.  Please see the user manual for a more detailed explanation}, preserve=true aResultDetail=0
00:00:05.916167 DCon09   WARNING [COM]: aRC=NS_ERROR_FAILURE (0x80004005) aIID={d5dcece0-b202-4416-a138-03502784cc07} aComponent={HostWrap} aText={VirtualBox is not currently allowed to access USB devices.  You can change this by adding your user to the 'vboxusers' group.  Please see the user manual for a more detailed explanation}, preserve=true aResultDetail=0
00:00:05.917449 DCon09   WARNING [COM]: aRC=NS_ERROR_FAILURE (0x80004005) aIID={d5dcece0-b202-4416-a138-03502784cc07} aComponent={HostWrap} aText={VirtualBox is not currently allowed to access USB devices.  You can change this by adding your user to the 'vboxusers' group.  Please see the user manual for a more detailed explanation}, preserve=true aResultDetail=0
00:00:05.917748 DCon09   ERROR [COM]: aRC=VBOX_E_OBJECT_NOT_FOUND (0x80bb0001) aIID={70401eef-c8e9-466b-9660-45cb3e9979e4} aComponent={ExtPackManagerWrap} aText={No extension pack by the name 'Oracle VirtualBox Extension Pack' was found}, preserve=false aResultDetail=0
00:00:07.860081 DCon06   NetIfAdpCtlOut: VBoxNetAdpCtl: Error while retrieving link speed for wlo1: VBoxNetAdpCtl: ioctl failed: Operation not supported
00:00:07.864288 DCon06   WARNING [COM]: aRC=NS_ERROR_FAILURE (0x80004005) aIID={d5dcece0-b202-4416-a138-03502784cc07} aComponent={HostWrap} aText={VirtualBox is not currently allowed to access USB devices.  You can change this by adding your user to the 'vboxusers' group.  Please see the user manual for a more detailed explanation}, preserve=false aResultDetail=0
00:00:07.865473 DCon06   WARNING [COM]: aRC=NS_ERROR_FAILURE (0x80004005) aIID={d5dcece0-b202-4416-a138-03502784cc07} aComponent={HostWrap} aText={VirtualBox is not currently allowed to access USB devices.  You can change this by adding your user to the 'vboxusers' group.  Please see the user manual for a more detailed explanation}, preserve=true aResultDetail=0
00:00:07.865691 DCon06   WARNING [COM]: aRC=NS_ERROR_FAILURE (0x80004005) aIID={d5dcece0-b202-4416-a138-03502784cc07} aComponent={HostWrap} aText={VirtualBox is not currently allowed to access USB devices.  You can change this by adding your user to the 'vboxusers' group.  Please see the user manual for a more detailed explanation}, preserve=true aResultDetail=0
00:00:07.905171 DCon02   WARNING [COM]: aRC=NS_ERROR_FAILURE (0x80004005) aIID={d5dcece0-b202-4416-a138-03502784cc07} aComponent={HostWrap} aText={VirtualBox is not currently allowed to access USB devices.  You can change this by adding your user to the 'vboxusers' group.  Please see the user manual for a more detailed explanation}, preserve=true aResultDetail=0
00:00:07.952352 DCon02   WARNING [COM]: aRC=NS_ERROR_FAILURE (0x80004005) aIID={d5dcece0-b202-4416-a138-03502784cc07} aComponent={HostWrap} aText={VirtualBox is not currently allowed to access USB devices.  You can change this by adding your user to the 'vboxusers' group.  Please see the user manual for a more detailed explanation}, preserve=true aResultDetail=0
00:00:08.030437 DCon02   ERROR [COM]: aRC=VBOX_E_INVALID_VM_STATE (0x80bb0002) aIID={e36a5081-a82a-40bd-9e4e-42a44d6ce50f} aComponent={MachineWrap} aText={The machine is not mutable, saved or running (state is Starting)}, preserve=false aResultDetail=0
00:00:08.072859 DCon02   WARNING [COM]: aRC=NS_ERROR_FAILURE (0x80004005) aIID={d5dcece0-b202-4416-a138-03502784cc07} aComponent={HostWrap} aText={VirtualBox is not currently allowed to access USB devices.  You can change this by adding your user to the 'vboxusers' group.  Please see the user manual for a more detailed explanation}, preserve=true aResultDetail=0
00:00:08.074268 DCon02   WARNING [COM]: aRC=NS_ERROR_FAILURE (0x80004005) aIID={d5dcece0-b202-4416-a138-03502784cc07} aComponent={HostWrap} aText={VirtualBox is not currently allowed to access USB devices.  You can change this by adding your user to the 'vboxusers' group.  Please see the user manual for a more detailed explanation}, preserve=true aResultDetail=0
00:00:08.154822 DCon02   ERROR [COM]: aRC=VBOX_E_OBJECT_NOT_FOUND (0x80bb0001) aIID={7d510820-a678-4730-a862-818dcd3fbed0} aComponent={MediumWrap} aText={Property 'CRYPT/KeyId' does not exist}, preserve=false aResultDetail=0
00:00:08.156120 DCon02   ERROR [COM]: aRC=VBOX_E_OBJECT_NOT_FOUND (0x80bb0001) aIID={7d510820-a678-4730-a862-818dcd3fbed0} aComponent={MediumWrap} aText={Property 'CRYPT/KeyId' does not exist}, preserve=false aResultDetail=0
00:00:08.157023 DCon02   ERROR [COM]: aRC=VBOX_E_OBJECT_NOT_FOUND (0x80bb0001) aIID={7d510820-a678-4730-a862-818dcd3fbed0} aComponent={MediumWrap} aText={Property 'CRYPT/KeyId' does not exist}, preserve=false aResultDetail=0
00:00:08.157996 DCon02   HostDnsMonitorProxy::GetDomainName: www.tendawifi.com
00:00:08.158076 DCon02   HostDnsMonitorProxy::GetNameServers:
00:00:08.158082 DCon02     name server 1: 103.70.164.12
00:00:08.158085 DCon02     name server 2: 103.70.164.8
00:00:08.158162 DCon02   HostDnsMonitorProxy::GetSearchStrings:
00:00:08.158167 DCon02     search string 1: www.tendawifi.com
00:00:08.179497 DCon09   WARNING [COM]: aRC=NS_ERROR_FAILURE (0x80004005) aIID={d5dcece0-b202-4416-a138-03502784cc07} aComponent={HostWrap} aText={VirtualBox is not currently allowed to access USB devices.  You can change this by adding your user to the 'vboxusers' group.  Please see the user manual for a more detailed explanation}, preserve=true aResultDetail=0
00:00:08.185713 DCon04   Saving settings file "/home/deepanshu/.config/VirtualBox/VirtualBox.xml" with version "1.12-linux"
00:00:08.190808 DCon04   Finished saving settings file "/home/deepanshu/.config/VirtualBox/VirtualBox.xml"
00:00:08.214934 DCon04   ERROR [COM]: aRC=VBOX_E_INVALID_VM_STATE (0x80bb0002) aIID={e36a5081-a82a-40bd-9e4e-42a44d6ce50f} aComponent={MachineWrap} aText={The machine is not mutable, saved or running (state is Running)}, preserve=false aResultDetail=0
00:00:08.244065 DCon04   WARNING [COM]: aRC=NS_ERROR_FAILURE (0x80004005) aIID={d5dcece0-b202-4416-a138-03502784cc07} aComponent={HostWrap} aText={VirtualBox is not currently allowed to access USB devices.  You can change this by adding your user to the 'vboxusers' group.  Please see the user manual for a more detailed explanation}, preserve=true aResultDetail=0
00:00:08.244771 DCon04   WARNING [COM]: aRC=NS_ERROR_FAILURE (0x80004005) aIID={d5dcece0-b202-4416-a138-03502784cc07} aComponent={HostWrap} aText={VirtualBox is not currently allowed to access USB devices.  You can change this by adding your user to the 'vboxusers' group.  Please see the user manual for a more detailed explanation}, preserve=true aResultDetail=0
00:00:13.503346 DCon09   WARNING [COM]: aRC=NS_ERROR_FAILURE (0x80004005) aIID={d5dcece0-b202-4416-a138-03502784cc07} aComponent={HostWrap} aText={VirtualBox is not currently allowed to access USB devices.  You can change this by adding your user to the 'vboxusers' group.  Please see the user manual for a more detailed explanation}, preserve=true aResultDetail=0
00:00:13.504201 DCon09   WARNING [COM]: aRC=NS_ERROR_FAILURE (0x80004005) aIID={d5dcece0-b202-4416-a138-03502784cc07} aComponent={HostWrap} aText={VirtualBox is not currently allowed to access USB devices.  You can change this by adding your user to the 'vboxusers' group.  Please see the user manual for a more detailed explanation}, preserve=true aResultDetail=0
00:00:13.507215 DCon09   ERROR [COM]: aRC=NS_ERROR_FAILURE (0x80004005) aIID={bea3ef5c-de2f-4b74-aa3a-15d6249371a0} aComponent={RecordingSettingsWrap} aText={Recording not started}, preserve=false aResultDetail=0
00:00:13.542615 DCon02   Saving settings file "/home/deepanshu/VirtualBox VMs/window/window.vbox" with version "1.19-linux"
00:00:13.552025 DCon02   Finished saving settings file "/home/deepanshu/VirtualBox VMs/window/window.vbox"
00:00:13.639333 DCon10   ERROR [COM]: aRC=VBOX_E_INVALID_VM_STATE (0x80bb0002) aIID={e36a5081-a82a-40bd-9e4e-42a44d6ce50f} aComponent={MachineWrap} aText={The machine is not mutable, saved or running (state is Running)}, preserve=false aResultDetail=0
00:00:13.655429 DCon10   WARNING [COM]: aRC=NS_ERROR_FAILURE (0x80004005) aIID={d5dcece0-b202-4416-a138-03502784cc07} aComponent={HostWrap} aText={VirtualBox is not currently allowed to access USB devices.  You can change this by adding your user to the 'vboxusers' group.  Please see the user manual for a more detailed explanation}, preserve=true aResultDetail=0
00:00:13.656780 DCon10   WARNING [COM]: aRC=NS_ERROR_FAILURE (0x80004005) aIID={d5dcece0-b202-4416-a138-03502784cc07} aComponent={HostWrap} aText={VirtualBox is not currently allowed to access USB devices.  You can change this by adding your user to the 'vboxusers' group.  Please see the user manual for a more detailed explanation}, preserve=true aResultDetail=0
00:00:13.851952 DCon10   Saving settings file "/home/deepanshu/.config/VirtualBox/VirtualBox.xml" with version "1.12-linux"
00:00:13.856953 DCon10   Finished saving settings file "/home/deepanshu/.config/VirtualBox/VirtualBox.xml"
00:00:13.889125 DCon02   Saving settings file "/home/deepanshu/VirtualBox VMs/window/window.vbox" with version "1.19-linux"
00:00:13.894260 DCon02   Finished saving settings file "/home/deepanshu/VirtualBox VMs/window/window.vbox"
00:00:13.929634 DCon09   ERROR [COM]: aRC=VBOX_E_INVALID_VM_STATE (0x80bb0002) aIID={e36a5081-a82a-40bd-9e4e-42a44d6ce50f} aComponent={MachineWrap} aText={The machine is not mutable, saved or running (state is Running)}, preserve=false aResultDetail=0
00:00:13.944181 DCon07   WARNING [COM]: aRC=NS_ERROR_FAILURE (0x80004005) aIID={d5dcece0-b202-4416-a138-03502784cc07} aComponent={HostWrap} aText={VirtualBox is not currently allowed to access USB devices.  You can change this by adding your user to the 'vboxusers' group.  Please see the user manual for a more detailed explanation}, preserve=true aResultDetail=0
00:00:13.945737 DCon07   WARNING [COM]: aRC=NS_ERROR_FAILURE (0x80004005) aIID={d5dcece0-b202-4416-a138-03502784cc07} aComponent={HostWrap} aText={VirtualBox is not currently allowed to access USB devices.  You can change this by adding your user to the 'vboxusers' group.  Please see the user manual for a more detailed explanation}, preserve=true aResultDetail=0
00:00:14.654096 DCon09   Saving settings file "/home/deepanshu/.config/VirtualBox/VirtualBox.xml" with version "1.12-linux"
00:00:14.659731 DCon09   Finished saving settings file "/home/deepanshu/.config/VirtualBox/VirtualBox.xml"
00:00:20.139101 DCon06   Saving settings file "/home/deepanshu/VirtualBox VMs/window/window.vbox" with version "1.19-linux"
00:00:20.143916 DCon06   Finished saving settings file "/home/deepanshu/VirtualBox VMs/window/window.vbox"
00:00:20.260131 DCon09   ERROR [COM]: aRC=VBOX_E_INVALID_VM_STATE (0x80bb0002) aIID={e36a5081-a82a-40bd-9e4e-42a44d6ce50f} aComponent={MachineWrap} aText={The machine is not mutable, saved or running (state is Running)}, preserve=false aResultDetail=0
00:00:20.270549 DCon09   WARNING [COM]: aRC=NS_ERROR_FAILURE (0x80004005) aIID={d5dcece0-b202-4416-a138-03502784cc07} aComponent={HostWrap} aText={VirtualBox is not currently allowed to access USB devices.  You can change this by adding your user to the 'vboxusers' group.  Please see the user manual for a more detailed explanation}, preserve=true aResultDetail=0
00:00:20.271427 DCon09   WARNING [COM]: aRC=NS_ERROR_FAILURE (0x80004005) aIID={d5dcece0-b202-4416-a138-03502784cc07} aComponent={HostWrap} aText={VirtualBox is not currently allowed to access USB devices.  You can change this by adding your user to the 'vboxusers' group.  Please see the user manual for a more detailed explanation}, preserve=true aResultDetail=0
00:00:20.535622 DCon02   Saving settings file "/home/deepanshu/.config/VirtualBox/VirtualBox.xml" with version "1.12-linux"
00:00:20.541265 DCon02   Finished saving settings file "/home/deepanshu/.config/VirtualBox/VirtualBox.xml"
00:00:24.165519 DCon09   Saving settings file "/home/deepanshu/.config/VirtualBox/VirtualBox.xml" with version "1.12-linux"
00:00:24.169684 DCon09   Finished saving settings file "/home/deepanshu/.config/VirtualBox/VirtualBox.xml"
00:00:28.252290 DCon09   Saving settings file "/home/deepanshu/.config/VirtualBox/VirtualBox.xml" with version "1.12-linux"
00:00:28.256488 DCon09   Finished saving settings file "/home/deepanshu/.config/VirtualBox/VirtualBox.xml"
00:00:30.725639 DCon03   Saving settings file "/home/deepanshu/.config/VirtualBox/VirtualBox.xml" with version "1.12-linux"
00:00:30.729855 DCon03   Finished saving settings file "/home/deepanshu/.config/VirtualBox/VirtualBox.xml"
00:00:31.546516 DCon03   Saving settings file "/home/deepanshu/.config/VirtualBox/VirtualBox.xml" with version "1.12-linux"
00:00:31.554854 DCon03   Finished saving settings file "/home/deepanshu/.config/VirtualBox/VirtualBox.xml"
00:00:32.143929 DCon13   Saving settings file "/home/deepanshu/.config/VirtualBox/VirtualBox.xml" with version "1.12-linux"
00:00:32.160662 DCon13   Finished saving settings file "/home/deepanshu/.config/VirtualBox/VirtualBox.xml"
00:01:20.559323 DCon12   WARNING [COM]: aRC=NS_ERROR_FAILURE (0x80004005) aIID={d5dcece0-b202-4416-a138-03502784cc07} aComponent={HostWrap} aText={VirtualBox is not currently allowed to access USB devices.  You can change this by adding your user to the 'vboxusers' group.  Please see the user manual for a more detailed explanation}, preserve=true aResultDetail=0
00:01:20.578493 DCon12   ERROR [COM]: aRC=VBOX_E_INVALID_VM_STATE (0x80bb0002) aIID={e36a5081-a82a-40bd-9e4e-42a44d6ce50f} aComponent={MachineWrap} aText={The machine is not mutable, saved or running (state is Paused)}, preserve=false aResultDetail=0
00:01:20.597783 DCon15   WARNING [COM]: aRC=NS_ERROR_FAILURE (0x80004005) aIID={d5dcece0-b202-4416-a138-03502784cc07} aComponent={HostWrap} aText={VirtualBox is not currently allowed to access USB devices.  You can change this by adding your user to the 'vboxusers' group.  Please see the user manual for a more detailed explanation}, preserve=true aResultDetail=0
00:01:20.599254 DCon15   WARNING [COM]: aRC=NS_ERROR_FAILURE (0x80004005) aIID={d5dcece0-b202-4416-a138-03502784cc07} aComponent={HostWrap} aText={VirtualBox is not currently allowed to access USB devices.  You can change this by adding your user to the 'vboxusers' group.  Please see the user manual for a more detailed explanation}, preserve=true aResultDetail=0
00:01:23.345050 DCon14   WARNING [COM]: aRC=NS_ERROR_FAILURE (0x80004005) aIID={d5dcece0-b202-4416-a138-03502784cc07} aComponent={HostWrap} aText={VirtualBox is not currently allowed to access USB devices.  You can change this by adding your user to the 'vboxusers' group.  Please see the user manual for a more detailed explanation}, preserve=true aResultDetail=0
00:01:23.371720 DCon13   ERROR [COM]: aRC=VBOX_E_INVALID_VM_STATE (0x80bb0002) aIID={e36a5081-a82a-40bd-9e4e-42a44d6ce50f} aComponent={MachineWrap} aText={The machine is not mutable, saved or running (state is Running)}, preserve=false aResultDetail=0
00:01:23.383828 DCon13   WARNING [COM]: aRC=NS_ERROR_FAILURE (0x80004005) aIID={d5dcece0-b202-4416-a138-03502784cc07} aComponent={HostWrap} aText={VirtualBox is not currently allowed to access USB devices.  You can change this by adding your user to the 'vboxusers' group.  Please see the user manual for a more detailed explanation}, preserve=true aResultDetail=0
00:01:23.384688 DCon13   WARNING [COM]: aRC=NS_ERROR_FAILURE (0x80004005) aIID={d5dcece0-b202-4416-a138-03502784cc07} aComponent={HostWrap} aText={VirtualBox is not currently allowed to access USB devices.  You can change this by adding your user to the 'vboxusers' group.  Please see the user manual for a more detailed explanation}, preserve=true aResultDetail=0
00:03:04.939180 DCon07   Saving settings file "/home/deepanshu/.config/VirtualBox/VirtualBox.xml" with version "1.12-linux"
00:03:04.971823 DCon07   Finished saving settings file "/home/deepanshu/.config/VirtualBox/VirtualBox.xml"
00:03:11.721965 DCon07   Saving settings file "/home/deepanshu/.config/VirtualBox/VirtualBox.xml" with version "1.12-linux"
00:03:11.730440 DCon07   Finished saving settings file "/home/deepanshu/.config/VirtualBox/VirtualBox.xml"
00:03:30.632572 DCon14   WARNING [COM]: aRC=NS_ERROR_FAILURE (0x80004005) aIID={d5dcece0-b202-4416-a138-03502784cc07} aComponent={HostWrap} aText={VirtualBox is not currently allowed to access USB devices.  You can change this by adding your user to the 'vboxusers' group.  Please see the user manual for a more detailed explanation}, preserve=true aResultDetail=0
00:03:30.985999 DCon19   NvramStore: Loading 'TpmEmuTpms/permall' from archive
00:03:30.986017 DCon19   NvramStore: Loading 'efi/nvram' from archive
00:03:31.003750 DCon19   NetIfAdpCtlOut: VBoxNetAdpCtl: Error while retrieving link speed for wlo1: VBoxNetAdpCtl: ioctl failed: Operation not supported
00:03:31.011954 DCon19   NetIfAdpCtlOut: VBoxNetAdpCtl: Error while retrieving link speed for wlo1: VBoxNetAdpCtl: ioctl failed: Operation not supported
00:03:31.020133 DCon19   WARNING [COM]: aRC=NS_ERROR_FAILURE (0x80004005) aIID={d5dcece0-b202-4416-a138-03502784cc07} aComponent={HostWrap} aText={VirtualBox is not currently allowed to access USB devices.  You can change this by adding your user to the 'vboxusers' group.  Please see the user manual for a more detailed explanation}, preserve=true aResultDetail=0
00:03:31.020359 DCon19   WARNING [COM]: aRC=NS_ERROR_FAILURE (0x80004005) aIID={d5dcece0-b202-4416-a138-03502784cc07} aComponent={HostWrap} aText={VirtualBox is not currently allowed to access USB devices.  You can change this by adding your user to the 'vboxusers' group.  Please see the user manual for a more detailed explanation}, preserve=true aResultDetail=0
00:03:32.206016 DCon13   Saving settings file "/home/deepanshu/.config/VirtualBox/VirtualBox.xml" with version "1.12-linux"
00:03:32.213565 DCon13   Finished saving settings file "/home/deepanshu/.config/VirtualBox/VirtualBox.xml"
00:03:38.538177 DCon17   WARNING [COM]: aRC=NS_ERROR_FAILURE (0x80004005) aIID={d5dcece0-b202-4416-a138-03502784cc07} aComponent={HostWrap} aText={VirtualBox is not currently allowed to access USB devices.  You can change this by adding your user to the 'vboxusers' group.  Please see the user manual for a more detailed explanation}, preserve=true aResultDetail=0
00:03:38.584027 DCon18   ERROR [COM]: aRC=VBOX_E_INVALID_VM_STATE (0x80bb0002) aIID={e36a5081-a82a-40bd-9e4e-42a44d6ce50f} aComponent={MachineWrap} aText={The machine is not mutable, saved or running (state is Paused)}, preserve=false aResultDetail=0
00:03:38.605952 DCon18   WARNING [COM]: aRC=NS_ERROR_FAILURE (0x80004005) aIID={d5dcece0-b202-4416-a138-03502784cc07} aComponent={HostWrap} aText={VirtualBox is not currently allowed to access USB devices.  You can change this by adding your user to the 'vboxusers' group.  Please see the user manual for a more detailed explanation}, preserve=true aResultDetail=0
00:03:38.607857 DCon18   WARNING [COM]: aRC=NS_ERROR_FAILURE (0x80004005) aIID={d5dcece0-b202-4416-a138-03502784cc07} aComponent={HostWrap} aText={VirtualBox is not currently allowed to access USB devices.  You can change this by adding your user to the 'vboxusers' group.  Please see the user manual for a more detailed explanation}, preserve=true aResultDetail=0
00:03:41.534563 DCon07   ERROR [COM]: aRC=VBOX_E_INVALID_VM_STATE (0x80bb0002) aIID={e36a5081-a82a-40bd-9e4e-42a44d6ce50f} aComponent={SessionMachine} aText={The machine is not mutable or saved (state is Stopping)}, preserve=false aResultDetail=0
00:03:41.552357 DCon07   WARNING [COM]: aRC=NS_ERROR_FAILURE (0x80004005) aIID={d5dcece0-b202-4416-a138-03502784cc07} aComponent={HostWrap} aText={VirtualBox is not currently allowed to access USB devices.  You can change this by adding your user to the 'vboxusers' group.  Please see the user manual for a more detailed explanation}, preserve=true aResultDetail=0
00:03:41.617177 DCon07   Saving settings file "/home/deepanshu/VirtualBox VMs/window/window.vbox" with version "1.19-linux"
00:03:41.623194 DCon07   Finished saving settings file "/home/deepanshu/VirtualBox VMs/window/window.vbox"
00:03:41.641344 DCon07   WARNING [COM]: aRC=NS_ERROR_FAILURE (0x80004005) aIID={d5dcece0-b202-4416-a138-03502784cc07} aComponent={HostWrap} aText={VirtualBox is not currently allowed to access USB devices.  You can change this by adding your user to the 'vboxusers' group.  Please see the user manual for a more detailed explanation}, preserve=true aResultDetail=0
00:03:41.675599 DCon07   ERROR [COM]: aRC=VBOX_E_INVALID_VM_STATE (0x80bb0002) aIID={e36a5081-a82a-40bd-9e4e-42a44d6ce50f} aComponent={MachineWrap} aText={The machine is not mutable, saved or running (state is PoweredOff)}, preserve=false aResultDetail=0
00:03:41.684848 DCon07   WARNING [COM]: aRC=NS_ERROR_FAILURE (0x80004005) aIID={d5dcece0-b202-4416-a138-03502784cc07} aComponent={HostWrap} aText={VirtualBox is not currently allowed to access USB devices.  You can change this by adding your user to the 'vboxusers' group.  Please see the user manual for a more detailed explanation}, preserve=true aResultDetail=0
00:03:41.685427 DCon07   WARNING [COM]: aRC=NS_ERROR_FAILURE (0x80004005) aIID={d5dcece0-b202-4416-a138-03502784cc07} aComponent={HostWrap} aText={VirtualBox is not currently allowed to access USB devices.  You can change this by adding your user to the 'vboxusers' group.  Please see the user manual for a more detailed explanation}, preserve=true aResultDetail=0
00:03:41.738112 DCon13   ERROR [COM]: aRC=NS_ERROR_INVALID_ARG (0x80070057) aIID={e36a5081-a82a-40bd-9e4e-42a44d6ce50f} aComponent={SessionMachine} aText={Properties with TRANSIENT or TRANSRESET flag cannot be set or modified if VM is not running}, preserve=false aResultDetail=0
00:03:43.298009 DCon16   ERROR [COM]: aRC=VBOX_E_INVALID_VM_STATE (0x80bb0002) aIID={e36a5081-a82a-40bd-9e4e-42a44d6ce50f} aComponent={MachineWrap} aText={The machine is not mutable, saved or running (state is PoweredOff)}, preserve=false aResultDetail=0
00:03:43.392290 DCon16   WARNING [COM]: aRC=NS_ERROR_FAILURE (0x80004005) aIID={d5dcece0-b202-4416-a138-03502784cc07} aComponent={HostWrap} aText={VirtualBox is not currently allowed to access USB devices.  You can change this by adding your user to the 'vboxusers' group.  Please see the user manual for a more detailed explanation}, preserve=true aResultDetail=0
00:03:43.393292 DCon16   WARNING [COM]: aRC=NS_ERROR_FAILURE (0x80004005) aIID={d5dcece0-b202-4416-a138-03502784cc07} aComponent={HostWrap} aText={VirtualBox is not currently allowed to access USB devices.  You can change this by adding your user to the 'vboxusers' group.  Please see the user manual for a more detailed explanation}, preserve=true aResultDetail=0
00:03:56.053178 DCon07   WARNING [COM]: aRC=NS_ERROR_FAILURE (0x80004005) aIID={d5dcece0-b202-4416-a138-03502784cc07} aComponent={HostWrap} aText={VirtualBox is not currently allowed to access USB devices.  You can change this by adding your user to the 'vboxusers' group.  Please see the user manual for a more detailed explanation}, preserve=false aResultDetail=0
00:03:59.258336 DCon16   Saving settings file "/home/deepanshu/.config/VirtualBox/VirtualBox.xml" with version "1.12-linux"
00:03:59.291088 DCon16   Finished saving settings file "/home/deepanshu/.config/VirtualBox/VirtualBox.xml"
00:04:15.537199 DCon16   Platform architecture set to 'x86'
00:04:15.556921 DCon18   WARNING [COM]: aRC=NS_ERROR_FAILURE (0x80004005) aIID={d5dcece0-b202-4416-a138-03502784cc07} aComponent={HostWrap} aText={VirtualBox is not currently allowed to access USB devices.  You can change this by adding your user to the 'vboxusers' group.  Please see the user manual for a more detailed explanation}, preserve=true aResultDetail=0
00:04:15.581653 DCon18   WARNING [COM]: aRC=NS_ERROR_FAILURE (0x80004005) aIID={d5dcece0-b202-4416-a138-03502784cc07} aComponent={HostWrap} aText={VirtualBox is not currently allowed to access USB devices.  You can change this by adding your user to the 'vboxusers' group.  Please see the user manual for a more detailed explanation}, preserve=true aResultDetail=0
00:04:15.582038 DCon18   Saving settings file "/home/deepanshu/VirtualBox VMs/window/window.vbox" with version "1.19-linux"
00:04:15.613464 DCon18   Finished saving settings file "/home/deepanshu/VirtualBox VMs/window/window.vbox"
00:04:15.723929 DCon21   ERROR [COM]: aRC=VBOX_E_INVALID_VM_STATE (0x80bb0002) aIID={e36a5081-a82a-40bd-9e4e-42a44d6ce50f} aComponent={MachineWrap} aText={The machine is not mutable, saved or running (state is PoweredOff)}, preserve=false aResultDetail=0
00:04:15.741411 DCon21   WARNING [COM]: aRC=NS_ERROR_FAILURE (0x80004005) aIID={d5dcece0-b202-4416-a138-03502784cc07} aComponent={HostWrap} aText={VirtualBox is not currently allowed to access USB devices.  You can change this by adding your user to the 'vboxusers' group.  Please see the user manual for a more detailed explanation}, preserve=true aResultDetail=0
00:04:15.743568 DCon21   WARNING [COM]: aRC=NS_ERROR_FAILURE (0x80004005) aIID={d5dcece0-b202-4416-a138-03502784cc07} aComponent={HostWrap} aText={VirtualBox is not currently allowed to access USB devices.  You can change this by adding your user to the 'vboxusers' group.  Please see the user manual for a more detailed explanation}, preserve=true aResultDetail=0
00:04:15.976759 DCon21   Saving settings file "/home/deepanshu/.config/VirtualBox/VirtualBox.xml" with version "1.12-linux"
00:04:15.984718 DCon21   Finished saving settings file "/home/deepanshu/.config/VirtualBox/VirtualBox.xml"
00:04:16.962871 DCon07   Launched VM: 1748632240 pid: 4689 (0x1251) frontend: GUI/Qt name: window
00:04:17.015554 DCon16   ERROR [COM]: aRC=VBOX_E_INVALID_VM_STATE (0x80bb0002) aIID={e36a5081-a82a-40bd-9e4e-42a44d6ce50f} aComponent={MachineWrap} aText={The machine is not mutable, saved or running (state is PoweredOff)}, preserve=false aResultDetail=0
00:04:17.056417 DCon16   WARNING [COM]: aRC=NS_ERROR_FAILURE (0x80004005) aIID={d5dcece0-b202-4416-a138-03502784cc07} aComponent={HostWrap} aText={VirtualBox is not currently allowed to access USB devices.  You can change this by adding your user to the 'vboxusers' group.  Please see the user manual for a more detailed explanation}, preserve=true aResultDetail=0
00:04:17.057353 DCon16   WARNING [COM]: aRC=NS_ERROR_FAILURE (0x80004005) aIID={d5dcece0-b202-4416-a138-03502784cc07} aComponent={HostWrap} aText={VirtualBox is not currently allowed to access USB devices.  You can change this by adding your user to the 'vboxusers' group.  Please see the user manual for a more detailed explanation}, preserve=true aResultDetail=0
00:04:17.162116 DCon22   Platform architecture set to 'x86'
00:04:17.182692 DCon18   ERROR [COM]: aRC=VBOX_E_INVALID_VM_STATE (0x80bb0002) aIID={e36a5081-a82a-40bd-9e4e-42a44d6ce50f} aComponent={MachineWrap} aText={The machine is not mutable, saved or running (state is PoweredOff)}, preserve=false aResultDetail=0
00:04:17.195553 DCon26   WARNING [COM]: aRC=NS_ERROR_FAILURE (0x80004005) aIID={d5dcece0-b202-4416-a138-03502784cc07} aComponent={HostWrap} aText={VirtualBox is not currently allowed to access USB devices.  You can change this by adding your user to the 'vboxusers' group.  Please see the user manual for a more detailed explanation}, preserve=true aResultDetail=0
00:04:17.196518 DCon26   WARNING [COM]: aRC=NS_ERROR_FAILURE (0x80004005) aIID={d5dcece0-b202-4416-a138-03502784cc07} aComponent={HostWrap} aText={VirtualBox is not currently allowed to access USB devices.  You can change this by adding your user to the 'vboxusers' group.  Please see the user manual for a more detailed explanation}, preserve=true aResultDetail=0
00:04:17.515967 DCon26   WARNING [COM]: aRC=NS_ERROR_FAILURE (0x80004005) aIID={d5dcece0-b202-4416-a138-03502784cc07} aComponent={HostWrap} aText={VirtualBox is not currently allowed to access USB devices.  You can change this by adding your user to the 'vboxusers' group.  Please see the user manual for a more detailed explanation}, preserve=true aResultDetail=0
00:04:17.516793 DCon26   WARNING [COM]: aRC=NS_ERROR_FAILURE (0x80004005) aIID={d5dcece0-b202-4416-a138-03502784cc07} aComponent={HostWrap} aText={VirtualBox is not currently allowed to access USB devices.  You can change this by adding your user to the 'vboxusers' group.  Please see the user manual for a more detailed explanation}, preserve=true aResultDetail=0
00:04:17.517096 DCon26   ERROR [COM]: aRC=VBOX_E_OBJECT_NOT_FOUND (0x80bb0001) aIID={70401eef-c8e9-466b-9660-45cb3e9979e4} aComponent={ExtPackManagerWrap} aText={No extension pack by the name 'Oracle VirtualBox Extension Pack' was found}, preserve=false aResultDetail=0
00:04:19.098871 DCon07   NetIfAdpCtlOut: VBoxNetAdpCtl: Error while retrieving link speed for wlo1: VBoxNetAdpCtl: ioctl failed: Operation not supported
00:04:19.103818 DCon07   WARNING [COM]: aRC=NS_ERROR_FAILURE (0x80004005) aIID={d5dcece0-b202-4416-a138-03502784cc07} aComponent={HostWrap} aText={VirtualBox is not currently allowed to access USB devices.  You can change this by adding your user to the 'vboxusers' group.  Please see the user manual for a more detailed explanation}, preserve=false aResultDetail=0
00:04:19.104981 DCon07   WARNING [COM]: aRC=NS_ERROR_FAILURE (0x80004005) aIID={d5dcece0-b202-4416-a138-03502784cc07} aComponent={HostWrap} aText={VirtualBox is not currently allowed to access USB devices.  You can change this by adding your user to the 'vboxusers' group.  Please see the user manual for a more detailed explanation}, preserve=true aResultDetail=0
00:04:19.105179 DCon07   WARNING [COM]: aRC=NS_ERROR_FAILURE (0x80004005) aIID={d5dcece0-b202-4416-a138-03502784cc07} aComponent={HostWrap} aText={VirtualBox is not currently allowed to access USB devices.  You can change this by adding your user to the 'vboxusers' group.  Please see the user manual for a more detailed explanation}, preserve=true aResultDetail=0
00:04:19.160404 DCon07   WARNING [COM]: aRC=NS_ERROR_FAILURE (0x80004005) aIID={d5dcece0-b202-4416-a138-03502784cc07} aComponent={HostWrap} aText={VirtualBox is not currently allowed to access USB devices.  You can change this by adding your user to the 'vboxusers' group.  Please see the user manual for a more detailed explanation}, preserve=true aResultDetail=0
00:04:19.207366 DCon23   WARNING [COM]: aRC=NS_ERROR_FAILURE (0x80004005) aIID={d5dcece0-b202-4416-a138-03502784cc07} aComponent={HostWrap} aText={VirtualBox is not currently allowed to access USB devices.  You can change this by adding your user to the 'vboxusers' group.  Please see the user manual for a more detailed explanation}, preserve=true aResultDetail=0
00:04:19.277199 DCon07   ERROR [COM]: aRC=VBOX_E_INVALID_VM_STATE (0x80bb0002) aIID={e36a5081-a82a-40bd-9e4e-42a44d6ce50f} aComponent={MachineWrap} aText={The machine is not mutable, saved or running (state is Starting)}, preserve=false aResultDetail=0
00:04:19.328707 DCon23   WARNING [COM]: aRC=NS_ERROR_FAILURE (0x80004005) aIID={d5dcece0-b202-4416-a138-03502784cc07} aComponent={HostWrap} aText={VirtualBox is not currently allowed to access USB devices.  You can change this by adding your user to the 'vboxusers' group.  Please see the user manual for a more detailed explanation}, preserve=true aResultDetail=0
00:04:19.330336 DCon23   WARNING [COM]: aRC=NS_ERROR_FAILURE (0x80004005) aIID={d5dcece0-b202-4416-a138-03502784cc07} aComponent={HostWrap} aText={VirtualBox is not currently allowed to access USB devices.  You can change this by adding your user to the 'vboxusers' group.  Please see the user manual for a more detailed explanation}, preserve=true aResultDetail=0
00:04:19.381102 DCon23   ERROR [COM]: aRC=VBOX_E_OBJECT_NOT_FOUND (0x80bb0001) aIID={7d510820-a678-4730-a862-818dcd3fbed0} aComponent={MediumWrap} aText={Property 'CRYPT/KeyId' does not exist}, preserve=false aResultDetail=0
00:04:19.382638 DCon23   ERROR [COM]: aRC=VBOX_E_OBJECT_NOT_FOUND (0x80bb0001) aIID={7d510820-a678-4730-a862-818dcd3fbed0} aComponent={MediumWrap} aText={Property 'CRYPT/KeyId' does not exist}, preserve=false aResultDetail=0
00:04:19.383743 DCon23   ERROR [COM]: aRC=VBOX_E_OBJECT_NOT_FOUND (0x80bb0001) aIID={7d510820-a678-4730-a862-818dcd3fbed0} aComponent={MediumWrap} aText={Property 'CRYPT/KeyId' does not exist}, preserve=false aResultDetail=0
00:04:19.385189 DCon23   HostDnsMonitorProxy::GetDomainName: www.tendawifi.com
00:04:19.385293 DCon23   HostDnsMonitorProxy::GetNameServers:
00:04:19.385295 DCon23     name server 1: 103.70.164.12
00:04:19.385298 DCon23     name server 2: 103.70.164.8
00:04:19.385399 DCon23   HostDnsMonitorProxy::GetSearchStrings:
00:04:19.385402 DCon23     search string 1: www.tendawifi.com
00:04:19.413121 DCon07   WARNING [COM]: aRC=NS_ERROR_FAILURE (0x80004005) aIID={d5dcece0-b202-4416-a138-03502784cc07} aComponent={HostWrap} aText={VirtualBox is not currently allowed to access USB devices.  You can change this by adding your user to the 'vboxusers' group.  Please see the user manual for a more detailed explanation}, preserve=true aResultDetail=0
00:04:19.444235 DCon07   ERROR [COM]: aRC=VBOX_E_INVALID_VM_STATE (0x80bb0002) aIID={e36a5081-a82a-40bd-9e4e-42a44d6ce50f} aComponent={MachineWrap} aText={The machine is not mutable, saved or running (state is Running)}, preserve=false aResultDetail=0
00:04:19.445173 DCon26   Saving settings file "/home/deepanshu/.config/VirtualBox/VirtualBox.xml" with version "1.12-linux"
00:04:19.449377 DCon26   Finished saving settings file "/home/deepanshu/.config/VirtualBox/VirtualBox.xml"
00:04:19.477602 DCon21   WARNING [COM]: aRC=NS_ERROR_FAILURE (0x80004005) aIID={d5dcece0-b202-4416-a138-03502784cc07} aComponent={HostWrap} aText={VirtualBox is not currently allowed to access USB devices.  You can change this by adding your user to the 'vboxusers' group.  Please see the user manual for a more detailed explanation}, preserve=true aResultDetail=0
00:04:19.478383 DCon21   WARNING [COM]: aRC=NS_ERROR_FAILURE (0x80004005) aIID={d5dcece0-b202-4416-a138-03502784cc07} aComponent={HostWrap} aText={VirtualBox is not currently allowed to access USB devices.  You can change this by adding your user to the 'vboxusers' group.  Please see the user manual for a more detailed explanation}, preserve=true aResultDetail=0
00:04:24.222162 DCon21   Saving settings file "/home/deepanshu/.config/VirtualBox/VirtualBox.xml" with version "1.12-linux"
00:04:24.226741 DCon21   Finished saving settings file "/home/deepanshu/.config/VirtualBox/VirtualBox.xml"
00:05:53.055450 DCon18   Saving settings file "/home/deepanshu/.config/VirtualBox/VirtualBox.xml" with version "1.12-linux"
00:05:53.062975 DCon18   Finished saving settings file "/home/deepanshu/.config/VirtualBox/VirtualBox.xml"
00:16:26.649243 dns-monitor HostDnsMonitor: updating information
00:16:26.649276 dns-monitor HostDnsMonitor: old information
00:16:26.649294 dns-monitor   server 1: 103.70.164.12
00:16:26.649300 dns-monitor   server 2: 103.70.164.8
00:16:26.649303 dns-monitor   domain: www.tendawifi.com
00:16:26.649306 dns-monitor   search string 1: www.tendawifi.com
00:16:26.649309 dns-monitor HostDnsMonitor: new information
00:16:26.649312 dns-monitor   no server entries
00:16:26.649315 dns-monitor   no domain set
00:16:26.649317 dns-monitor   no search string entries
00:16:26.651173 DCon56   HostDnsMonitorProxy::GetDomainName: no domain set
00:16:26.651372 DCon56   HostDnsMonitorProxy::GetNameServers:
00:16:26.651383 DCon56     no name server entries
00:16:26.651574 DCon56   HostDnsMonitorProxy::GetSearchStrings:
00:16:26.651587 DCon56     no search string entries
00:17:10.982874 dns-monitor NAT: resolv.conf: nameserver 103.70.164.12
00:17:10.982902 dns-monitor NAT: resolv.conf: nameserver 103.70.164.8
00:17:10.982919 dns-monitor HostDnsMonitor: updating information
00:17:10.982946 dns-monitor HostDnsMonitor: old information
00:17:10.982949 dns-monitor   no server entries
00:17:10.982953 dns-monitor   no domain set
00:17:10.982956 dns-monitor   no search string entries
00:17:10.982992 dns-monitor HostDnsMonitor: new information
00:17:10.982996 dns-monitor   server 1: 103.70.164.12
00:17:10.983000 dns-monitor   server 2: 103.70.164.8
00:17:10.983003 dns-monitor   domain: www.tendawifi.com
00:17:10.983006 dns-monitor   search string 1: www.tendawifi.com
00:17:10.983852 DCon54   HostDnsMonitorProxy::GetDomainName: www.tendawifi.com
00:17:10.984094 DCon54   HostDnsMonitorProxy::GetNameServers:
00:17:10.984103 DCon54     name server 1: 103.70.164.12
00:17:10.984110 DCon54     name server 2: 103.70.164.8
00:17:10.984395 DCon54   HostDnsMonitorProxy::GetSearchStrings:
00:17:10.984404 DCon54     search string 1: www.tendawifi.com
00:18:11.998638 MainPower Host suspending: Paused 1 VMs
00:18:12.026951 DCon60   WARNING [COM]: aRC=NS_ERROR_FAILURE (0x80004005) aIID={d5dcece0-b202-4416-a138-03502784cc07} aComponent={HostWrap} aText={VirtualBox is not currently allowed to access USB devices.  You can change this by adding your user to the 'vboxusers' group.  Please see the user manual for a more detailed explanation}, preserve=true aResultDetail=0
00:18:12.046940 DCon60   ERROR [COM]: aRC=VBOX_E_INVALID_VM_STATE (0x80bb0002) aIID={e36a5081-a82a-40bd-9e4e-42a44d6ce50f} aComponent={MachineWrap} aText={The machine is not mutable, saved or running (state is Paused)}, preserve=false aResultDetail=0
00:18:12.055960 DCon60   WARNING [COM]: aRC=NS_ERROR_FAILURE (0x80004005) aIID={d5dcece0-b202-4416-a138-03502784cc07} aComponent={HostWrap} aText={VirtualBox is not currently allowed to access USB devices.  You can change this by adding your user to the 'vboxusers' group.  Please see the user manual for a more detailed explanation}, preserve=true aResultDetail=0
00:18:12.056642 DCon60   WARNING [COM]: aRC=NS_ERROR_FAILURE (0x80004005) aIID={d5dcece0-b202-4416-a138-03502784cc07} aComponent={HostWrap} aText={VirtualBox is not currently allowed to access USB devices.  You can change this by adding your user to the 'vboxusers' group.  Please see the user manual for a more detailed explanation}, preserve=true aResultDetail=0
00:18:12.311401 dns-monitor HostDnsMonitor: updating information
00:18:12.311523 dns-monitor HostDnsMonitor: old information
00:18:12.311541 dns-monitor   server 1: 103.70.164.12
00:18:12.311557 dns-monitor   server 2: 103.70.164.8
00:18:12.311568 dns-monitor   domain: www.tendawifi.com
00:18:12.311578 dns-monitor   search string 1: www.tendawifi.com
00:18:12.311587 dns-monitor HostDnsMonitor: new information
00:18:12.311596 dns-monitor   no server entries
00:18:12.311605 dns-monitor   no domain set
00:18:12.311724 dns-monitor   no search string entries
00:18:12.315584 DCon60   HostDnsMonitorProxy::GetDomainName: no domain set
00:18:12.316164 DCon60   HostDnsMonitorProxy::GetNameServers:
00:18:12.316189 DCon60     no name server entries
00:18:12.316552 DCon60   HostDnsMonitorProxy::GetSearchStrings:
00:18:12.316564 DCon60     no search string entries
00:18:17.376781 MainPower Host resumed: Resumed 1 VMs
00:18:17.415811 DCon56   WARNING [COM]: aRC=NS_ERROR_FAILURE (0x80004005) aIID={d5dcece0-b202-4416-a138-03502784cc07} aComponent={HostWrap} aText={VirtualBox is not currently allowed to access USB devices.  You can change this by adding your user to the 'vboxusers' group.  Please see the user manual for a more detailed explanation}, preserve=true aResultDetail=0
00:18:17.432639 DCon56   ERROR [COM]: aRC=VBOX_E_INVALID_VM_STATE (0x80bb0002) aIID={e36a5081-a82a-40bd-9e4e-42a44d6ce50f} aComponent={MachineWrap} aText={The machine is not mutable, saved or running (state is Running)}, preserve=false aResultDetail=0
00:18:17.456377 DCon56   WARNING [COM]: aRC=NS_ERROR_FAILURE (0x80004005) aIID={d5dcece0-b202-4416-a138-03502784cc07} aComponent={HostWrap} aText={VirtualBox is not currently allowed to access USB devices.  You can change this by adding your user to the 'vboxusers' group.  Please see the user manual for a more detailed explanation}, preserve=true aResultDetail=0
00:18:17.457449 DCon56   WARNING [COM]: aRC=NS_ERROR_FAILURE (0x80004005) aIID={d5dcece0-b202-4416-a138-03502784cc07} aComponent={HostWrap} aText={VirtualBox is not currently allowed to access USB devices.  You can change this by adding your user to the 'vboxusers' group.  Please see the user manual for a more detailed explanation}, preserve=true aResultDetail=0
00:18:28.101147 dns-monitor NAT: resolv.conf: nameserver 103.70.164.12
00:18:28.101198 dns-monitor NAT: resolv.conf: nameserver 103.70.164.8
00:18:28.101225 dns-monitor HostDnsMonitor: updating information
00:18:28.101232 dns-monitor HostDnsMonitor: old information
00:18:28.101237 dns-monitor   no server entries
00:18:28.101243 dns-monitor   no domain set
00:18:28.101248 dns-monitor   no search string entries
00:18:28.101253 dns-monitor HostDnsMonitor: new information
00:18:28.101258 dns-monitor   server 1: 103.70.164.12
00:18:28.101265 dns-monitor   server 2: 103.70.164.8
00:18:28.101270 dns-monitor   domain: www.tendawifi.com
00:18:28.101275 dns-monitor   search string 1: www.tendawifi.com
00:18:28.103905 DCon64   HostDnsMonitorProxy::GetDomainName: www.tendawifi.com
00:18:28.104529 DCon64   HostDnsMonitorProxy::GetNameServers:
00:18:28.104564 DCon64     name server 1: 103.70.164.12
00:18:28.104580 DCon64     name server 2: 103.70.164.8
00:18:28.105153 DCon64   HostDnsMonitorProxy::GetSearchStrings:
00:18:28.105198 DCon64     search string 1: www.tendawifi.com
00:21:19.182735 DCon71   Saving settings file "/home/deepanshu/.config/VirtualBox/VirtualBox.xml" with version "1.12-linux"
00:21:19.191863 DCon71   Finished saving settings file "/home/deepanshu/.config/VirtualBox/VirtualBox.xml"
00:21:30.455290 DCon67   ERROR [COM]: aRC=VBOX_E_INVALID_VM_STATE (0x80bb0002) aIID={e36a5081-a82a-40bd-9e4e-42a44d6ce50f} aComponent={SessionMachine} aText={The machine is not mutable or saved (state is Stopping)}, preserve=false aResultDetail=0
00:21:30.527926 DCon69   Saving settings file "/home/deepanshu/VirtualBox VMs/window/window.vbox" with version "1.19-linux"
00:21:30.533606 DCon69   Finished saving settings file "/home/deepanshu/VirtualBox VMs/window/window.vbox"
00:21:30.655880 DCon69   ERROR [COM]: aRC=NS_ERROR_INVALID_ARG (0x80070057) aIID={e36a5081-a82a-40bd-9e4e-42a44d6ce50f} aComponent={SessionMachine} aText={Properties with TRANSIENT or TRANSRESET flag cannot be set or modified if VM is not running}, preserve=false aResultDetail=0
00:21:37.048959 main     VirtualBox: object deletion starts
00:21:37.049059 main     ERROR [COM]: aRC=VBOX_E_OBJECT_IN_USE (0x80bb000c) aIID={7d510820-a678-4730-a862-818dcd3fbed0} aComponent={MediumWrap} aText={Medium '/home/deepanshu/VirtualBox VMs/window/window.vdi' cannot be closed because it is still attached to 1 virtual machines}, preserve=false aResultDetail=0
00:21:37.049409 main     ERROR [COM]: aRC=VBOX_E_OBJECT_IN_USE (0x80bb000c) aIID={7d510820-a678-4730-a862-818dcd3fbed0} aComponent={MediumWrap} aText={Medium '/home/deepanshu/VirtualBox VMs/arch/arch.vdi' cannot be closed because it is still attached to 1 virtual machines}, preserve=false aResultDetail=0
00:21:37.050206 main     HostDnsMonitor: shutting down ...
00:21:37.050884 main     HostDnsMonitor: shut down
00:21:37.063645 Watcher  ERROR [COM]: aRC=E_ACCESSDENIED (0x80070005) aIID={d644ad1e-c501-4fc7-9ab6-aa6d763bc540} aComponent={VirtualBoxWrap} aText={The object is not ready}, preserve=false aResultDetail=0
00:21:37.063851 main     VirtualBox: object deleted
