2025-04-02 09:19:59.743 [info] [main] Log level: Info
2025-04-02 09:19:59.743 [info] [main] Validating found git in: "git"
2025-04-02 09:19:59.743 [info] [main] Using git "2.49.0" from "git"
2025-04-02 09:19:59.743 [info] [Model][doInitialScan] Initial repository scan started
2025-04-02 09:19:59.743 [info] > git rev-parse --show-toplevel [1ms]
2025-04-02 09:19:59.743 [info] fatal: not a git repository (or any parent up to mount point /)
Stopping at filesystem boundary (GIT_DISCOVERY_ACROSS_FILESYSTEM not set).
2025-04-02 09:19:59.743 [info] > git rev-parse --show-toplevel [2ms]
2025-04-02 09:19:59.743 [info] fatal: not a git repository (or any parent up to mount point /)
Stopping at filesystem boundary (GIT_DISCOVERY_ACROSS_FILESYSTEM not set).
2025-04-02 09:19:59.749 [info] > git rev-parse --show-toplevel [2ms]
2025-04-02 09:19:59.756 [info] > git rev-parse --git-dir --git-common-dir [3ms]
2025-04-02 09:19:59.762 [info] [Model][openRepository] Opened repository: /home/deepanshu/cohort/assignments
2025-04-02 09:19:59.772 [info] > git config --get commit.template [4ms]
2025-04-02 09:19:59.772 [info] > git rev-parse --show-toplevel [1ms]
2025-04-02 09:19:59.772 [info] fatal: not a git repository (or any parent up to mount point /)
Stopping at filesystem boundary (GIT_DISCOVERY_ACROSS_FILESYSTEM not set).
2025-04-02 09:19:59.786 [info] > git rev-parse --show-toplevel [2ms]
2025-04-02 09:19:59.786 [info] fatal: not a git repository (or any parent up to mount point /)
Stopping at filesystem boundary (GIT_DISCOVERY_ACROSS_FILESYSTEM not set).
2025-04-02 09:19:59.787 [info] > git for-each-ref --format=%(refname)%00%(upstream:short)%00%(objectname)%00%(upstream:track)%00%(upstream:remotename)%00%(upstream:remoteref) refs/heads/master refs/remotes/master [8ms]
2025-04-02 09:19:59.796 [warning] [Git][revParse] Unable to read file: ENOENT: no such file or directory, open '/home/deepanshu/cohort/assignments/.git/refs/remotes/origin/master'
2025-04-02 09:19:59.796 [info] > git rev-parse --show-toplevel [5ms]
2025-04-02 09:19:59.796 [info] fatal: not a git repository (or any parent up to mount point /)
Stopping at filesystem boundary (GIT_DISCOVERY_ACROSS_FILESYSTEM not set).
2025-04-02 09:19:59.801 [info] > git rev-parse refs/remotes/origin/master [5ms]
2025-04-02 09:19:59.810 [info] > git rev-parse --show-toplevel [10ms]
2025-04-02 09:19:59.810 [info] fatal: not a git repository (or any parent up to mount point /)
Stopping at filesystem boundary (GIT_DISCOVERY_ACROSS_FILESYSTEM not set).
2025-04-02 09:19:59.813 [info] [Model][doInitialScan] Initial repository scan completed - repositories (1), closed repositories (0), parent repositories (0), unsafe repositories (0)
2025-04-02 09:19:59.814 [info] > git for-each-ref --sort -committerdate --format %(refname) %(objectname) %(*objectname) [4ms]
2025-04-02 09:19:59.837 [info] > git status -z -uall [32ms]
2025-04-02 09:19:59.863 [info] > git for-each-ref --format=%(refname)%00%(upstream:short)%00%(objectname)%00%(upstream:track)%00%(upstream:remotename)%00%(upstream:remoteref) refs/heads/master refs/remotes/master [6ms]
2025-04-02 09:19:59.869 [info] > git config --get commit.template [7ms]
2025-04-02 09:19:59.870 [info] > git config --get --local branch.master.vscode-merge-base [2ms]
2025-04-02 09:19:59.870 [warning] [Git][config] git config failed: Failed to execute git
2025-04-02 09:19:59.882 [info] > git reflog master --grep-reflog=branch: Created from *. [6ms]
2025-04-02 09:19:59.887 [info] > git for-each-ref --format=%(refname)%00%(upstream:short)%00%(objectname)%00%(upstream:track)%00%(upstream:remotename)%00%(upstream:remoteref) refs/heads/master refs/remotes/master [6ms]
2025-04-02 09:19:59.894 [warning] [Git][revParse] Unable to read file: ENOENT: no such file or directory, open '/home/deepanshu/cohort/assignments/.git/refs/remotes/origin/master'
2025-04-02 09:19:59.895 [info] > git symbolic-ref --short refs/remotes/origin/HEAD [8ms]
2025-04-02 09:19:59.901 [info] > git rev-parse refs/remotes/origin/master [7ms]
2025-04-02 09:19:59.912 [info] > git for-each-ref --format=%(refname)%00%(upstream:short)%00%(objectname)%00%(upstream:track)%00%(upstream:remotename)%00%(upstream:remoteref) refs/heads/origin/master refs/remotes/origin/master [11ms]
2025-04-02 09:19:59.918 [info] > git for-each-ref --sort -committerdate --format %(refname) %(objectname) %(*objectname) [5ms]
2025-04-02 09:19:59.918 [info] > git config --add --local branch.master.vscode-merge-base origin/master [1ms]
2025-04-02 09:19:59.930 [info] > git status -z -uall [24ms] (cancelled)
2025-04-02 09:19:59.930 [info] > git for-each-ref --format=%(refname)%00%(upstream:short)%00%(objectname)%00%(upstream:track)%00%(upstream:remotename)%00%(upstream:remoteref) refs/heads/master refs/remotes/master [8ms]
2025-04-02 09:19:59.936 [info] > git config --get commit.template [7ms]
2025-04-02 09:19:59.937 [info] > git config --get --local branch.master.vscode-merge-base [2ms]
2025-04-02 09:19:59.948 [info] > git for-each-ref --format=%(refname)%00%(upstream:short)%00%(objectname)%00%(upstream:track)%00%(upstream:remotename)%00%(upstream:remoteref) refs/heads/origin/master refs/remotes/origin/master [5ms]
2025-04-02 09:19:59.955 [info] > git for-each-ref --format=%(refname)%00%(upstream:short)%00%(objectname)%00%(upstream:track)%00%(upstream:remotename)%00%(upstream:remoteref) refs/heads/master refs/remotes/master [8ms]
2025-04-02 09:19:59.960 [warning] [Git][revParse] Unable to read file: ENOENT: no such file or directory, open '/home/deepanshu/cohort/assignments/.git/refs/remotes/origin/master'
2025-04-02 09:19:59.961 [info] > git merge-base refs/heads/master refs/remotes/origin/master [7ms]
2025-04-02 09:19:59.971 [info] > git rev-parse refs/remotes/origin/master [11ms]
2025-04-02 09:19:59.983 [info] > git diff --name-status -z --diff-filter=ADMR b0505ddb8c974d7e5be8d00357ace472cbf5475f...refs/remotes/origin/master [12ms]
2025-04-02 09:19:59.984 [info] > git for-each-ref --sort -committerdate --format %(refname) %(objectname) %(*objectname) [3ms]
2025-04-02 09:19:59.996 [info] > git status -z -uall [20ms]
2025-04-02 09:20:00.301 [info] > git check-ignore -v -z --stdin [2ms]
2025-04-02 09:20:24.642 [info] > git rev-parse --show-toplevel [1ms]
2025-04-02 09:20:24.642 [info] fatal: not a git repository (or any parent up to mount point /)
Stopping at filesystem boundary (GIT_DISCOVERY_ACROSS_FILESYSTEM not set).
2025-04-02 09:20:28.451 [info] > git rev-parse --show-toplevel [1ms]
2025-04-02 09:20:28.451 [info] fatal: not a git repository (or any parent up to mount point /)
Stopping at filesystem boundary (GIT_DISCOVERY_ACROSS_FILESYSTEM not set).
2025-04-02 09:21:45.837 [info] > git rev-parse --show-toplevel [1ms]
2025-04-02 09:21:45.837 [info] fatal: not a git repository (or any parent up to mount point /)
Stopping at filesystem boundary (GIT_DISCOVERY_ACROSS_FILESYSTEM not set).
2025-04-02 09:22:32.224 [info] > git rev-parse --show-toplevel [1ms]
2025-04-02 09:22:32.224 [info] fatal: not a git repository (or any parent up to mount point /)
Stopping at filesystem boundary (GIT_DISCOVERY_ACROSS_FILESYSTEM not set).
2025-04-02 09:24:30.852 [info] > git rev-parse --show-toplevel [1ms]
2025-04-02 09:24:30.852 [info] fatal: not a git repository (or any parent up to mount point /)
Stopping at filesystem boundary (GIT_DISCOVERY_ACROSS_FILESYSTEM not set).
2025-04-02 09:24:50.548 [info] > git rev-parse --show-toplevel [4ms]
2025-04-02 09:24:50.548 [info] fatal: not a git repository (or any parent up to mount point /)
Stopping at filesystem boundary (GIT_DISCOVERY_ACROSS_FILESYSTEM not set).
2025-04-02 09:24:51.601 [info] > git rev-parse --show-toplevel [1ms]
2025-04-02 09:24:51.601 [info] fatal: not a git repository (or any parent up to mount point /)
Stopping at filesystem boundary (GIT_DISCOVERY_ACROSS_FILESYSTEM not set).
2025-04-02 09:24:57.004 [info] > git rev-parse --show-toplevel [1ms]
2025-04-02 09:24:57.004 [info] fatal: not a git repository (or any parent up to mount point /)
Stopping at filesystem boundary (GIT_DISCOVERY_ACROSS_FILESYSTEM not set).
2025-04-02 09:30:59.530 [info] > git rev-parse --show-toplevel [1ms]
2025-04-02 09:30:59.530 [info] fatal: not a git repository (or any parent up to mount point /)
Stopping at filesystem boundary (GIT_DISCOVERY_ACROSS_FILESYSTEM not set).
2025-04-02 09:32:06.951 [info] > git rev-parse --show-toplevel [1ms]
2025-04-02 09:32:06.951 [info] fatal: not a git repository (or any parent up to mount point /)
Stopping at filesystem boundary (GIT_DISCOVERY_ACROSS_FILESYSTEM not set).
2025-04-02 09:36:16.846 [info] > git rev-parse --show-toplevel [2ms]
2025-04-02 09:36:16.846 [info] fatal: not a git repository (or any parent up to mount point /)
Stopping at filesystem boundary (GIT_DISCOVERY_ACROSS_FILESYSTEM not set).
2025-04-02 09:36:18.480 [info] > git rev-parse --show-toplevel [1ms]
2025-04-02 09:36:18.480 [info] fatal: not a git repository (or any parent up to mount point /)
Stopping at filesystem boundary (GIT_DISCOVERY_ACROSS_FILESYSTEM not set).
2025-04-02 09:36:45.999 [info] > git rev-parse --show-toplevel [1ms]
2025-04-02 09:36:45.999 [info] fatal: not a git repository (or any parent up to mount point /)
Stopping at filesystem boundary (GIT_DISCOVERY_ACROSS_FILESYSTEM not set).
2025-04-02 09:36:56.372 [info] > git rev-parse --show-toplevel [1ms]
2025-04-02 09:36:56.372 [info] fatal: not a git repository (or any parent up to mount point /)
Stopping at filesystem boundary (GIT_DISCOVERY_ACROSS_FILESYSTEM not set).
2025-04-02 09:38:01.485 [info] > git rev-parse --show-toplevel [1ms]
2025-04-02 09:38:01.485 [info] fatal: not a git repository (or any parent up to mount point /)
Stopping at filesystem boundary (GIT_DISCOVERY_ACROSS_FILESYSTEM not set).
2025-04-02 09:38:07.111 [info] > git rev-parse --show-toplevel [1ms]
2025-04-02 09:38:07.111 [info] fatal: not a git repository (or any parent up to mount point /)
Stopping at filesystem boundary (GIT_DISCOVERY_ACROSS_FILESYSTEM not set).
2025-04-02 09:38:56.093 [info] > git rev-parse --show-toplevel [1ms]
2025-04-02 09:38:56.093 [info] fatal: not a git repository (or any parent up to mount point /)
Stopping at filesystem boundary (GIT_DISCOVERY_ACROSS_FILESYSTEM not set).
2025-04-02 09:39:09.244 [info] > git rev-parse --show-toplevel [1ms]
2025-04-02 09:39:09.244 [info] fatal: not a git repository (or any parent up to mount point /)
Stopping at filesystem boundary (GIT_DISCOVERY_ACROSS_FILESYSTEM not set).
2025-04-02 09:39:13.697 [info] > git rev-parse --show-toplevel [1ms]
2025-04-02 09:39:13.697 [info] fatal: not a git repository (or any parent up to mount point /)
Stopping at filesystem boundary (GIT_DISCOVERY_ACROSS_FILESYSTEM not set).
2025-04-02 09:39:16.409 [info] > git rev-parse --show-toplevel [1ms]
2025-04-02 09:39:16.409 [info] fatal: not a git repository (or any parent up to mount point /)
Stopping at filesystem boundary (GIT_DISCOVERY_ACROSS_FILESYSTEM not set).
2025-04-02 09:39:27.747 [info] > git rev-parse --show-toplevel [1ms]
2025-04-02 09:39:27.747 [info] fatal: not a git repository (or any parent up to mount point /)
Stopping at filesystem boundary (GIT_DISCOVERY_ACROSS_FILESYSTEM not set).
2025-04-02 09:40:17.461 [info] > git rev-parse --show-toplevel [1ms]
2025-04-02 09:40:17.461 [info] fatal: not a git repository (or any parent up to mount point /)
Stopping at filesystem boundary (GIT_DISCOVERY_ACROSS_FILESYSTEM not set).
2025-04-02 09:47:13.325 [info] > git rev-parse --show-toplevel [1ms]
2025-04-02 09:47:13.325 [info] fatal: not a git repository (or any parent up to mount point /)
Stopping at filesystem boundary (GIT_DISCOVERY_ACROSS_FILESYSTEM not set).
2025-04-02 09:47:18.113 [info] > git rev-parse --show-toplevel [1ms]
2025-04-02 09:47:18.113 [info] fatal: not a git repository (or any parent up to mount point /)
Stopping at filesystem boundary (GIT_DISCOVERY_ACROSS_FILESYSTEM not set).
2025-04-02 09:51:10.618 [info] > git rev-parse --show-toplevel [1ms]
2025-04-02 09:51:10.618 [info] fatal: not a git repository (or any parent up to mount point /)
Stopping at filesystem boundary (GIT_DISCOVERY_ACROSS_FILESYSTEM not set).
2025-04-02 09:51:13.149 [info] > git rev-parse --show-toplevel [1ms]
2025-04-02 09:51:13.150 [info] fatal: not a git repository (or any parent up to mount point /)
Stopping at filesystem boundary (GIT_DISCOVERY_ACROSS_FILESYSTEM not set).
2025-04-02 09:58:26.495 [info] > git rev-parse --show-toplevel [2ms]
2025-04-02 09:58:26.495 [info] fatal: not a git repository (or any parent up to mount point /)
Stopping at filesystem boundary (GIT_DISCOVERY_ACROSS_FILESYSTEM not set).
2025-04-02 09:58:30.287 [info] > git rev-parse --show-toplevel [1ms]
2025-04-02 09:58:30.287 [info] fatal: not a git repository (or any parent up to mount point /)
Stopping at filesystem boundary (GIT_DISCOVERY_ACROSS_FILESYSTEM not set).
2025-04-02 10:14:33.262 [info] > git rev-parse --show-toplevel [1ms]
2025-04-02 10:14:33.262 [info] fatal: not a git repository (or any parent up to mount point /)
Stopping at filesystem boundary (GIT_DISCOVERY_ACROSS_FILESYSTEM not set).
