2025-02-08 11:58:12.492 [info] [main] Log level: Info
2025-02-08 11:58:12.492 [info] [main] Validating found git in: "git"
2025-02-08 11:58:12.492 [info] [main] Using git "2.48.1" from "git"
2025-02-08 11:58:12.492 [info] [Model][doInitialScan] Initial repository scan started
2025-02-08 11:58:12.492 [info] > git rev-parse --show-toplevel [7ms]
2025-02-08 11:58:12.492 [info] > git rev-parse --git-dir --git-common-dir [1ms]
2025-02-08 11:58:12.492 [info] [Model][openRepository] Opened repository: /home/deepanshu/github_repos/my_repositories/Turtle-shell
2025-02-08 11:58:12.493 [info] > git rev-parse --show-toplevel [2ms]
2025-02-08 11:58:12.494 [info] > git config --get commit.template [5ms]
2025-02-08 11:58:12.504 [info] > git for-each-ref --format=%(refname)%00%(upstream:short)%00%(objectname)%00%(upstream:track)%00%(upstream:remotename)%00%(upstream:remoteref) refs/heads/main refs/remotes/main [5ms]
2025-02-08 11:58:12.514 [info] > git status -z -uall [6ms]
2025-02-08 11:58:12.515 [info] > git rev-parse --show-toplevel [11ms]
2025-02-08 11:58:12.519 [info] > git for-each-ref --sort -committerdate --format %(refname) %(objectname) %(*objectname) [6ms]
2025-02-08 11:58:12.540 [info] > git for-each-ref --format=%(refname)%00%(upstream:short)%00%(objectname)%00%(upstream:track)%00%(upstream:remotename)%00%(upstream:remoteref) refs/heads/main refs/remotes/main [7ms]
2025-02-08 11:58:12.545 [info] > git rev-parse --show-toplevel [27ms]
2025-02-08 11:58:12.550 [info] > git config --get --local branch.main.vscode-merge-base [6ms]
2025-02-08 11:58:12.555 [info] > git config --get commit.template [15ms]
2025-02-08 11:58:12.556 [info] > git for-each-ref --format=%(refname)%00%(upstream:short)%00%(objectname)%00%(upstream:track)%00%(upstream:remotename)%00%(upstream:remoteref) refs/heads/origin/main refs/remotes/origin/main [2ms]
2025-02-08 11:58:12.557 [info] > git rev-parse --show-toplevel [8ms]
2025-02-08 11:58:12.584 [info] > git rev-parse --show-toplevel [19ms]
2025-02-08 11:58:12.584 [info] > git for-each-ref --format=%(refname)%00%(upstream:short)%00%(objectname)%00%(upstream:track)%00%(upstream:remotename)%00%(upstream:remoteref) refs/heads/main refs/remotes/main [23ms]
2025-02-08 11:58:12.599 [info] > git status -z -uall [11ms]
2025-02-08 11:58:12.599 [info] > git for-each-ref --sort -committerdate --format %(refname) %(objectname) %(*objectname) [7ms]
2025-02-08 11:58:12.602 [info] > git rev-parse --show-toplevel [3ms]
2025-02-08 11:58:12.608 [info] > git rev-parse --show-toplevel [1ms]
2025-02-08 11:58:12.614 [info] > git rev-parse --show-toplevel [1ms]
2025-02-08 11:58:12.619 [info] > git rev-parse --show-toplevel [1ms]
2025-02-08 11:58:12.620 [info] [Model][doInitialScan] Initial repository scan completed - repositories (1), closed repositories (0), parent repositories (0), unsafe repositories (0)
2025-02-08 11:58:12.827 [info] > git show --textconv :app/main.py [5ms]
2025-02-08 11:58:12.828 [info] > git ls-files --stage -- /home/deepanshu/github_repos/my_repositories/Turtle-shell/app/main.py [1ms]
2025-02-08 11:58:12.835 [info] > git cat-file -s 2afc0fff8d72e61441c1545cc818df891549facf [1ms]
2025-02-08 11:58:13.009 [info] > git check-ignore -v -z --stdin [4ms]
2025-02-08 12:08:33.543 [info] > git config --get commit.template [5ms]
2025-02-08 12:08:33.544 [info] > git for-each-ref --format=%(refname)%00%(upstream:short)%00%(objectname)%00%(upstream:track)%00%(upstream:remotename)%00%(upstream:remoteref) refs/heads/main refs/remotes/main [1ms]
2025-02-08 12:08:33.554 [info] > git status -z -uall [6ms]
2025-02-08 12:08:33.555 [info] > git for-each-ref --sort -committerdate --format %(refname) %(objectname) %(*objectname) [1ms]
2025-02-08 12:22:02.047 [info] > git config --get commit.template [2ms]
2025-02-08 12:22:02.056 [info] > git for-each-ref --format=%(refname)%00%(upstream:short)%00%(objectname)%00%(upstream:track)%00%(upstream:remotename)%00%(upstream:remoteref) refs/heads/main refs/remotes/main [1ms]
2025-02-08 12:22:02.069 [info] > git status -z -uall [6ms]
2025-02-08 12:22:02.071 [info] > git for-each-ref --sort -committerdate --format %(refname) %(objectname) %(*objectname) [2ms]
