2024-12-31 19:13:36.513 [info] Getting Manifest... ms-python.python
2024-12-31 19:13:38.671 [info] Installing extension: ms-python.python {"isMachineScoped":false,"installPreReleaseVersion":false,"pinned":false,"profileLocation":{"$mid":1,"external":"vscode-userdata:/home/deepanshu/.vscode-oss/extensions/extensions.json","path":"/home/deepanshu/.vscode-oss/extensions/extensions.json","scheme":"vscode-userdata"},"installOnlyNewlyAddedFromExtensionPack":true,"isApplicationScoped":false,"productVersion":{"version":"1.96.0","date":"2024-12-16T11:38:33.840Z"}}
2024-12-31 19:13:39.091 [info] Getting Manifest... ms-python.debugpy
2024-12-31 19:13:39.676 [info] Installing extension: ms-python.debugpy {"isMachineScoped":false,"installPreReleaseVersion":false,"pinned":false,"profileLocation":{"$mid":1,"external":"vscode-userdata:/home/deepanshu/.vscode-oss/extensions/extensions.json","path":"/home/deepanshu/.vscode-oss/extensions/extensions.json","scheme":"vscode-userdata"},"installOnlyNewlyAddedFromExtensionPack":true,"isApplicationScoped":false,"productVersion":{"version":"1.96.0","date":"2024-12-16T11:38:33.840Z"},"context":{"dependecyOrPackExtensionInstall":true}}
2024-12-31 19:13:44.318 [error] Could not load vsce-sign module Cannot find package '@vscode/vsce-sign' imported from /usr/lib/code/out/vs/code/electron-utility/sharedProcess/sharedProcessMain.js
2024-12-31 19:13:44.319 [info] Extension signature verification is not done: ms-python.python
2024-12-31 19:13:44.957 [info] Extracted extension to file:///home/deepanshu/.vscode-oss/extensions/ms-python.python-2024.22.1-universal: ms-python.python
2024-12-31 19:13:45.016 [info] Renamed to /home/deepanshu/.vscode-oss/extensions/ms-python.python-2024.22.1-universal
2024-12-31 19:13:45.112 [error] [uncaught exception in sharedProcess]: Error: ENOENT: no such file or directory, stat '/home/deepanshu/.vscode-oss/extensions/extensions.json.vsctmp': EntryNotFound (FileSystemError): Error: ENOENT: no such file or directory, stat '/home/deepanshu/.vscode-oss/extensions/extensions.json.vsctmp'
    at Gm.create (file:///usr/lib/code/out/vs/code/electron-utility/sharedProcess/sharedProcessMain.js:35:39624)
    at xs (file:///usr/lib/code/out/vs/code/electron-utility/sharedProcess/sharedProcessMain.js:35:39731)
    at Vr.ib (file:///usr/lib/code/out/vs/code/electron-utility/sharedProcess/sharedProcessMain.js:78:22778)
    at Vr.stat (file:///usr/lib/code/out/vs/code/electron-utility/sharedProcess/sharedProcessMain.js:78:16010)
    at async wh.stat (file:///usr/lib/code/out/vs/code/electron-utility/sharedProcess/sharedProcessMain.js:77:85488)
    at async fh.Ab (file:///usr/lib/code/out/vs/code/electron-utility/sharedProcess/sharedProcessMain.js:77:67180)
2024-12-31 19:13:45.600 [error] Could not load vsce-sign module Cannot find package '@vscode/vsce-sign' imported from /usr/lib/code/out/vs/code/electron-utility/sharedProcess/sharedProcessMain.js
2024-12-31 19:13:45.600 [info] Extension signature verification is not done: ms-python.debugpy
2024-12-31 19:13:45.944 [info] Extracted extension to file:///home/deepanshu/.vscode-oss/extensions/ms-python.debugpy-2024.14.0-linux-x64: ms-python.debugpy
2024-12-31 19:13:45.956 [info] Renamed to /home/deepanshu/.vscode-oss/extensions/ms-python.debugpy-2024.14.0-linux-x64
2024-12-31 19:13:45.972 [info] Extension installed successfully: ms-python.python vscode-userdata:/home/deepanshu/.vscode-oss/extensions/extensions.json
2024-12-31 19:13:45.972 [info] Extension installed successfully: ms-python.debugpy vscode-userdata:/home/deepanshu/.vscode-oss/extensions/extensions.json
2024-12-31 19:13:46.035 [error] [uncaught exception in sharedProcess]: Error: ENOENT: no such file or directory, stat '/home/deepanshu/.vscode-oss/extensions/extensions.json.vsctmp': EntryNotFound (FileSystemError): Error: ENOENT: no such file or directory, stat '/home/deepanshu/.vscode-oss/extensions/extensions.json.vsctmp'
    at Gm.create (file:///usr/lib/code/out/vs/code/electron-utility/sharedProcess/sharedProcessMain.js:35:39624)
    at xs (file:///usr/lib/code/out/vs/code/electron-utility/sharedProcess/sharedProcessMain.js:35:39731)
    at Vr.ib (file:///usr/lib/code/out/vs/code/electron-utility/sharedProcess/sharedProcessMain.js:78:22778)
    at Vr.stat (file:///usr/lib/code/out/vs/code/electron-utility/sharedProcess/sharedProcessMain.js:78:16010)
    at async wh.stat (file:///usr/lib/code/out/vs/code/electron-utility/sharedProcess/sharedProcessMain.js:77:85488)
    at async fh.Ab (file:///usr/lib/code/out/vs/code/electron-utility/sharedProcess/sharedProcessMain.js:77:67180)
