2025-03-18 10:27:57.789 [warning] Dir "/home/deepanshu/github_repos/my_repositories/Turtle-shell/.pixi/envs" is not watchable (directory does not exist)
2025-03-18 10:27:57.789 [error] Unable to check if shell integration is active [Error: Extension 'ms-python.python' CANNOT use API proposal: terminalDataWriteEvent.
Its package.json#enabledApiProposals-property declares:  but NOT terminalDataWriteEvent.
 The missing proposal MUST be added and you must start in extension development mode or use the following command line switch: --enable-proposed-api ms-python.python
	at N (file:///usr/lib/code/out/vs/workbench/api/node/extensionHostProcess.js:106:19035)
	at a.onDidWriteTerminalData (file:///usr/lib/code/out/vs/workbench/api/node/extensionHostProcess.js:172:46304)
	at new v (/home/deepanshu/.vscode-oss/extensions/ms-python.python-2025.0.0-universal/out/client/extension.js:2:878084)
	at ge (/home/deepanshu/.vscode-oss/extensions/ms-python.python-2025.0.0-universal/out/client/extension.js:2:1683875)
	at /home/deepanshu/.vscode-oss/extensions/ms-python.python-2025.0.0-universal/out/client/extension.js:2:1687239
	at /home/deepanshu/.vscode-oss/extensions/ms-python.python-2025.0.0-universal/out/client/extension.js:2:1687267
	at Se (/home/deepanshu/.vscode-oss/extensions/ms-python.python-2025.0.0-universal/out/client/extension.js:2:1687334)
	at /home/deepanshu/.vscode-oss/extensions/ms-python.python-2025.0.0-universal/out/client/extension.js:2:1687814
	at we (/home/deepanshu/.vscode-oss/extensions/ms-python.python-2025.0.0-universal/out/client/extension.js:2:1687755)
	at Pe (/home/deepanshu/.vscode-oss/extensions/ms-python.python-2025.0.0-universal/out/client/extension.js:2:1687789)
	at /home/deepanshu/.vscode-oss/extensions/ms-python.python-2025.0.0-universal/out/client/extension.js:2:1685028
	at /home/deepanshu/.vscode-oss/extensions/ms-python.python-2025.0.0-universal/out/client/extension.js:2:1686633
	at Array.reduce (<anonymous>)
	at /home/deepanshu/.vscode-oss/extensions/ms-python.python-2025.0.0-universal/out/client/extension.js:2:1686605
	at /home/deepanshu/.vscode-oss/extensions/ms-python.python-2025.0.0-universal/out/client/extension.js:2:1686887
	at /home/deepanshu/.vscode-oss/extensions/ms-python.python-2025.0.0-universal/out/client/extension.js:2:1687267
	at Se (/home/deepanshu/.vscode-oss/extensions/ms-python.python-2025.0.0-universal/out/client/extension.js:2:1687334)
	at /home/deepanshu/.vscode-oss/extensions/ms-python.python-2025.0.0-universal/out/client/extension.js:2:1687814
	at we (/home/deepanshu/.vscode-oss/extensions/ms-python.python-2025.0.0-universal/out/client/extension.js:2:1687755)
	at Pe (/home/deepanshu/.vscode-oss/extensions/ms-python.python-2025.0.0-universal/out/client/extension.js:2:1687789)
	at /home/deepanshu/.vscode-oss/extensions/ms-python.python-2025.0.0-universal/out/client/extension.js:2:1685028
	at /home/deepanshu/.vscode-oss/extensions/ms-python.python-2025.0.0-universal/out/client/extension.js:2:1714698
	at /home/deepanshu/.vscode-oss/extensions/ms-python.python-2025.0.0-universal/out/client/extension.js:2:1714719
	at e._get (/home/deepanshu/.vscode-oss/extensions/ms-python.python-2025.0.0-universal/out/client/extension.js:2:1713732)
	at e._getButThrowIfAsync (/home/deepanshu/.vscode-oss/extensions/ms-python.python-2025.0.0-universal/out/client/extension.js:2:1713792)
	at e.get (/home/deepanshu/.vscode-oss/extensions/ms-python.python-2025.0.0-universal/out/client/extension.js:2:1709501)
	at e.dynamicValue (/home/deepanshu/.vscode-oss/extensions/ms-python.python-2025.0.0-universal/out/client/extension.js:2:1699234)
	at /home/deepanshu/.vscode-oss/extensions/ms-python.python-2025.0.0-universal/out/client/extension.js:2:1685411
	at Ee (/home/deepanshu/.vscode-oss/extensions/ms-python.python-2025.0.0-universal/out/client/extension.js:2:1685667)
	at Se (/home/deepanshu/.vscode-oss/extensions/ms-python.python-2025.0.0-universal/out/client/extension.js:2:1687383)
	at /home/deepanshu/.vscode-oss/extensions/ms-python.python-2025.0.0-universal/out/client/extension.js:2:1687814
	at we (/home/deepanshu/.vscode-oss/extensions/ms-python.python-2025.0.0-universal/out/client/extension.js:2:1687755)
	at Pe (/home/deepanshu/.vscode-oss/extensions/ms-python.python-2025.0.0-universal/out/client/extension.js:2:1687789)
	at /home/deepanshu/.vscode-oss/extensions/ms-python.python-2025.0.0-universal/out/client/extension.js:2:1685028
	at /home/deepanshu/.vscode-oss/extensions/ms-python.python-2025.0.0-universal/out/client/extension.js:2:1684962
	at Array.map (<anonymous>)
	at /home/deepanshu/.vscode-oss/extensions/ms-python.python-2025.0.0-universal/out/client/extension.js:2:1684933
	at /home/deepanshu/.vscode-oss/extensions/ms-python.python-2025.0.0-universal/out/client/extension.js:2:1686633
	at Array.reduce (<anonymous>)
	at /home/deepanshu/.vscode-oss/extensions/ms-python.python-2025.0.0-universal/out/client/extension.js:2:1686605
	at /home/deepanshu/.vscode-oss/extensions/ms-python.python-2025.0.0-universal/out/client/extension.js:2:1686887
	at /home/deepanshu/.vscode-oss/extensions/ms-python.python-2025.0.0-universal/out/client/extension.js:2:1687267
	at Se (/home/deepanshu/.vscode-oss/extensions/ms-python.python-2025.0.0-universal/out/client/extension.js:2:1687334)
	at /home/deepanshu/.vscode-oss/extensions/ms-python.python-2025.0.0-universal/out/client/extension.js:2:1687814
	at we (/home/deepanshu/.vscode-oss/extensions/ms-python.python-2025.0.0-universal/out/client/extension.js:2:1687755)
	at Pe (/home/deepanshu/.vscode-oss/extensions/ms-python.python-2025.0.0-universal/out/client/extension.js:2:1687789)
	at /home/deepanshu/.vscode-oss/extensions/ms-python.python-2025.0.0-universal/out/client/extension.js:2:1685028
	at /home/deepanshu/.vscode-oss/extensions/ms-python.python-2025.0.0-universal/out/client/extension.js:2:1714698
	at /home/deepanshu/.vscode-oss/extensions/ms-python.python-2025.0.0-universal/out/client/extension.js:2:1714719
	at e._get (/home/deepanshu/.vscode-oss/extensions/ms-python.python-2025.0.0-universal/out/client/extension.js:2:1713732)
	at e._getButThrowIfAsync (/home/deepanshu/.vscode-oss/extensions/ms-python.python-2025.0.0-universal/out/client/extension.js:2:1713792)
	at e.get (/home/deepanshu/.vscode-oss/extensions/ms-python.python-2025.0.0-universal/out/client/extension.js:2:1709501)
	at a.get (/home/deepanshu/.vscode-oss/extensions/ms-python.python-2025.0.0-universal/out/client/extension.js:2:537584)
	at /home/deepanshu/.vscode-oss/extensions/ms-python.python-2025.0.0-universal/out/client/extension.js:2:452426
	at async t.activateComponents (/home/deepanshu/.vscode-oss/extensions/ms-python.python-2025.0.0-universal/out/client/extension.js:2:450706)
	at async /home/deepanshu/.vscode-oss/extensions/ms-python.python-2025.0.0-universal/out/client/extension.js:2:2638685
	at async e (/home/deepanshu/.vscode-oss/extensions/ms-python.python-2025.0.0-universal/out/client/extension.js:2:2638217)
	at async pw.n (file:///usr/lib/code/out/vs/workbench/api/node/extensionHostProcess.js:112:13415)
	at async pw.m (file:///usr/lib/code/out/vs/workbench/api/node/extensionHostProcess.js:112:13378)
	at async pw.l (file:///usr/lib/code/out/vs/workbench/api/node/extensionHostProcess.js:112:12834)]
2025-03-18 10:27:57.789 [warning] Failed to check if /home/deepanshu/github_repos/my_repositories/Turtle-shell/bin/python is an executable [Error: ENOENT: no such file or directory, lstat '/home/deepanshu/github_repos/my_repositories/Turtle-shell/bin/python'] {
  errno: -2,
  code: 'ENOENT',
  syscall: 'lstat',
  path: '/home/deepanshu/github_repos/my_repositories/Turtle-shell/bin/python'
}
2025-03-18 10:27:57.790 [warning] Identifier for virt-virtualenv failed to identify /home/deepanshu/github_repos/my_repositories/Turtle-shell/bin/python [Error: ENOENT: no such file or directory, scandir '/home/deepanshu/github_repos/my_repositories/Turtle-shell/bin'] {
  errno: -2,
  code: 'ENOENT',
  syscall: 'scandir',
  path: '/home/deepanshu/github_repos/my_repositories/Turtle-shell/bin'
}
2025-03-18 10:27:57.799 [info] > ./bin/python -I ~/.vscode-oss/extensions/ms-python.python-2025.0.0-universal/python_files/get_output_via_markers.py ~/.vscode-oss/extensions/ms-python.python-2025.0.0-universal/python_files/interpreterInfo.py
2025-03-18 10:27:57.804 [error] [Error: Command failed: /home/deepanshu/github_repos/my_repositories/Turtle-shell/bin/python -I /home/deepanshu/.vscode-oss/extensions/ms-python.python-2025.0.0-universal/python_files/get_output_via_markers.py /home/deepanshu/.vscode-oss/extensions/ms-python.python-2025.0.0-universal/python_files/interpreterInfo.py
/bin/sh: line 1: /home/deepanshu/github_repos/my_repositories/Turtle-shell/bin/python: No such file or directory

	at genericNodeError (node:internal/errors:984:15)
	at wrappedFn (node:internal/errors:538:14)
	at ChildProcess.exithandler (node:child_process:422:12)
	at ChildProcess.emit (node:events:530:35)
	at maybeClose (node:internal/child_process:1104:16)
	at Socket.<anonymous> (node:internal/child_process:456:11)
	at Socket.emit (node:events:518:28)
	at Pipe.<anonymous> (node:net:343:12)] {
  code: 127,
  killed: false,
  signal: null,
  cmd: '/home/deepanshu/github_repos/my_repositories/Turtle-shell/bin/python -I /home/deepanshu/.vscode-oss/extensions/ms-python.python-2025.0.0-universal/python_files/get_output_via_markers.py /home/deepanshu/.vscode-oss/extensions/ms-python.python-2025.0.0-universal/python_files/interpreterInfo.py'
}
2025-03-18 10:27:57.812 [info] > pyenv which python
2025-03-18 10:27:57.812 [info] cwd: .
2025-03-18 10:27:57.908 [error] [
  'Failed to activate a workspace, Class name = v, completed in 175ms, has a falsy return value, Arg 1: <Uri:/home/deepanshu/github_repos/my_repositories/Turtle-shell/app/main.py>, Arg 2: {"started":1742273877684}, Return Value: undefined',
  [Error: Extension 'ms-python.python' CANNOT use API proposal: testObserver.
  Its package.json#enabledApiProposals-property declares:  but NOT testObserver.
   The missing proposal MUST be added and you must start in extension development mode or use the following command line switch: --enable-proposed-api ms-python.python
  	at N (file:///usr/lib/code/out/vs/workbench/api/node/extensionHostProcess.js:106:19035)
  	at get testResults (file:///usr/lib/code/out/vs/workbench/api/node/extensionHostProcess.js:172:39547)
  	at C.activate (/home/deepanshu/.vscode-oss/extensions/ms-python.python-2025.0.0-universal/out/client/extension.js:2:908459)
  	at /home/deepanshu/.vscode-oss/extensions/ms-python.python-2025.0.0-universal/out/client/extension.js:2:2457
  	at Array.map (<anonymous>)
  	at v.activateWorkspace (/home/deepanshu/.vscode-oss/extensions/ms-python.python-2025.0.0-universal/out/client/extension.js:2:2447)]
]
2025-03-18 10:27:57.908 [error] Failure during activation. [Error: Extension 'ms-python.python' CANNOT use API proposal: testObserver.
Its package.json#enabledApiProposals-property declares:  but NOT testObserver.
 The missing proposal MUST be added and you must start in extension development mode or use the following command line switch: --enable-proposed-api ms-python.python
	at N (file:///usr/lib/code/out/vs/workbench/api/node/extensionHostProcess.js:106:19035)
	at get testResults (file:///usr/lib/code/out/vs/workbench/api/node/extensionHostProcess.js:172:39547)
	at C.activate (/home/deepanshu/.vscode-oss/extensions/ms-python.python-2025.0.0-universal/out/client/extension.js:2:908459)
	at /home/deepanshu/.vscode-oss/extensions/ms-python.python-2025.0.0-universal/out/client/extension.js:2:2457
	at Array.map (<anonymous>)
	at v.activateWorkspace (/home/deepanshu/.vscode-oss/extensions/ms-python.python-2025.0.0-universal/out/client/extension.js:2:2447)]
2025-03-18 10:27:57.908 [error] sendStartupTelemetry() failed. [Error: Extension 'ms-python.python' CANNOT use API proposal: testObserver.
Its package.json#enabledApiProposals-property declares:  but NOT testObserver.
 The missing proposal MUST be added and you must start in extension development mode or use the following command line switch: --enable-proposed-api ms-python.python
	at N (file:///usr/lib/code/out/vs/workbench/api/node/extensionHostProcess.js:106:19035)
	at get testResults (file:///usr/lib/code/out/vs/workbench/api/node/extensionHostProcess.js:172:39547)
	at C.activate (/home/deepanshu/.vscode-oss/extensions/ms-python.python-2025.0.0-universal/out/client/extension.js:2:908459)
	at /home/deepanshu/.vscode-oss/extensions/ms-python.python-2025.0.0-universal/out/client/extension.js:2:2457
	at Array.map (<anonymous>)
	at v.activateWorkspace (/home/deepanshu/.vscode-oss/extensions/ms-python.python-2025.0.0-universal/out/client/extension.js:2:2447)]
2025-03-18 10:27:58.119 [info] > /bin/python -I ~/.vscode-oss/extensions/ms-python.python-2025.0.0-universal/python_files/get_output_via_markers.py ~/.vscode-oss/extensions/ms-python.python-2025.0.0-universal/python_files/interpreterInfo.py
2025-03-18 10:27:58.532 [info] Starting Jedi language server for Turtle-shell.
2025-03-18 10:27:59.814 [info] > ./bin/python -I ~/.vscode-oss/extensions/ms-python.python-2025.0.0-universal/python_files/get_output_via_markers.py ~/.vscode-oss/extensions/ms-python.python-2025.0.0-universal/python_files/interpreterInfo.py
2025-03-18 10:27:59.817 [error] [Error: Command failed: /home/deepanshu/github_repos/my_repositories/Turtle-shell/bin/python -I /home/deepanshu/.vscode-oss/extensions/ms-python.python-2025.0.0-universal/python_files/get_output_via_markers.py /home/deepanshu/.vscode-oss/extensions/ms-python.python-2025.0.0-universal/python_files/interpreterInfo.py
/bin/sh: line 1: /home/deepanshu/github_repos/my_repositories/Turtle-shell/bin/python: No such file or directory

	at genericNodeError (node:internal/errors:984:15)
	at wrappedFn (node:internal/errors:538:14)
	at ChildProcess.exithandler (node:child_process:422:12)
	at ChildProcess.emit (node:events:530:35)
	at maybeClose (node:internal/child_process:1104:16)
	at Socket.<anonymous> (node:internal/child_process:456:11)
	at Socket.emit (node:events:518:28)
	at Pipe.<anonymous> (node:net:343:12)] {
  code: 127,
  killed: false,
  signal: null,
  cmd: '/home/deepanshu/github_repos/my_repositories/Turtle-shell/bin/python -I /home/deepanshu/.vscode-oss/extensions/ms-python.python-2025.0.0-universal/python_files/get_output_via_markers.py /home/deepanshu/.vscode-oss/extensions/ms-python.python-2025.0.0-universal/python_files/interpreterInfo.py'
}
2025-03-18 10:31:33.150 [warning] Dir "/home/deepanshu/github_repos/my_repositories/Turtle-shell/.pixi/envs" is not watchable (directory does not exist)
2025-03-18 10:31:33.150 [error] Unable to check if shell integration is active [Error: Extension 'ms-python.python' CANNOT use API proposal: terminalDataWriteEvent.
Its package.json#enabledApiProposals-property declares:  but NOT terminalDataWriteEvent.
 The missing proposal MUST be added and you must start in extension development mode or use the following command line switch: --enable-proposed-api ms-python.python
	at N (file:///usr/lib/code/out/vs/workbench/api/node/extensionHostProcess.js:106:19035)
	at a.onDidWriteTerminalData (file:///usr/lib/code/out/vs/workbench/api/node/extensionHostProcess.js:172:46304)
	at new v (/home/deepanshu/.vscode-oss/extensions/ms-python.python-2025.2.0-universal/out/client/extension.js:2:877941)
	at ge (/home/deepanshu/.vscode-oss/extensions/ms-python.python-2025.2.0-universal/out/client/extension.js:2:1684578)
	at /home/deepanshu/.vscode-oss/extensions/ms-python.python-2025.2.0-universal/out/client/extension.js:2:1687942
	at /home/deepanshu/.vscode-oss/extensions/ms-python.python-2025.2.0-universal/out/client/extension.js:2:1687970
	at Se (/home/deepanshu/.vscode-oss/extensions/ms-python.python-2025.2.0-universal/out/client/extension.js:2:1688037)
	at /home/deepanshu/.vscode-oss/extensions/ms-python.python-2025.2.0-universal/out/client/extension.js:2:1688517
	at we (/home/deepanshu/.vscode-oss/extensions/ms-python.python-2025.2.0-universal/out/client/extension.js:2:1688458)
	at Pe (/home/deepanshu/.vscode-oss/extensions/ms-python.python-2025.2.0-universal/out/client/extension.js:2:1688492)
	at /home/deepanshu/.vscode-oss/extensions/ms-python.python-2025.2.0-universal/out/client/extension.js:2:1685731
	at /home/deepanshu/.vscode-oss/extensions/ms-python.python-2025.2.0-universal/out/client/extension.js:2:1687336
	at Array.reduce (<anonymous>)
	at /home/deepanshu/.vscode-oss/extensions/ms-python.python-2025.2.0-universal/out/client/extension.js:2:1687308
	at /home/deepanshu/.vscode-oss/extensions/ms-python.python-2025.2.0-universal/out/client/extension.js:2:1687590
	at /home/deepanshu/.vscode-oss/extensions/ms-python.python-2025.2.0-universal/out/client/extension.js:2:1687970
	at Se (/home/deepanshu/.vscode-oss/extensions/ms-python.python-2025.2.0-universal/out/client/extension.js:2:1688037)
	at /home/deepanshu/.vscode-oss/extensions/ms-python.python-2025.2.0-universal/out/client/extension.js:2:1688517
	at we (/home/deepanshu/.vscode-oss/extensions/ms-python.python-2025.2.0-universal/out/client/extension.js:2:1688458)
	at Pe (/home/deepanshu/.vscode-oss/extensions/ms-python.python-2025.2.0-universal/out/client/extension.js:2:1688492)
	at /home/deepanshu/.vscode-oss/extensions/ms-python.python-2025.2.0-universal/out/client/extension.js:2:1685731
	at /home/deepanshu/.vscode-oss/extensions/ms-python.python-2025.2.0-universal/out/client/extension.js:2:1715401
	at /home/deepanshu/.vscode-oss/extensions/ms-python.python-2025.2.0-universal/out/client/extension.js:2:1715422
	at e._get (/home/deepanshu/.vscode-oss/extensions/ms-python.python-2025.2.0-universal/out/client/extension.js:2:1714435)
	at e._getButThrowIfAsync (/home/deepanshu/.vscode-oss/extensions/ms-python.python-2025.2.0-universal/out/client/extension.js:2:1714495)
	at e.get (/home/deepanshu/.vscode-oss/extensions/ms-python.python-2025.2.0-universal/out/client/extension.js:2:1710204)
	at e.dynamicValue (/home/deepanshu/.vscode-oss/extensions/ms-python.python-2025.2.0-universal/out/client/extension.js:2:1699937)
	at /home/deepanshu/.vscode-oss/extensions/ms-python.python-2025.2.0-universal/out/client/extension.js:2:1686114
	at Ee (/home/deepanshu/.vscode-oss/extensions/ms-python.python-2025.2.0-universal/out/client/extension.js:2:1686370)
	at Se (/home/deepanshu/.vscode-oss/extensions/ms-python.python-2025.2.0-universal/out/client/extension.js:2:1688086)
	at /home/deepanshu/.vscode-oss/extensions/ms-python.python-2025.2.0-universal/out/client/extension.js:2:1688517
	at we (/home/deepanshu/.vscode-oss/extensions/ms-python.python-2025.2.0-universal/out/client/extension.js:2:1688458)
	at Pe (/home/deepanshu/.vscode-oss/extensions/ms-python.python-2025.2.0-universal/out/client/extension.js:2:1688492)
	at /home/deepanshu/.vscode-oss/extensions/ms-python.python-2025.2.0-universal/out/client/extension.js:2:1685731
	at /home/deepanshu/.vscode-oss/extensions/ms-python.python-2025.2.0-universal/out/client/extension.js:2:1685665
	at Array.map (<anonymous>)
	at /home/deepanshu/.vscode-oss/extensions/ms-python.python-2025.2.0-universal/out/client/extension.js:2:1685636
	at /home/deepanshu/.vscode-oss/extensions/ms-python.python-2025.2.0-universal/out/client/extension.js:2:1687336
	at Array.reduce (<anonymous>)
	at /home/deepanshu/.vscode-oss/extensions/ms-python.python-2025.2.0-universal/out/client/extension.js:2:1687308
	at /home/deepanshu/.vscode-oss/extensions/ms-python.python-2025.2.0-universal/out/client/extension.js:2:1687590
	at /home/deepanshu/.vscode-oss/extensions/ms-python.python-2025.2.0-universal/out/client/extension.js:2:1687970
	at Se (/home/deepanshu/.vscode-oss/extensions/ms-python.python-2025.2.0-universal/out/client/extension.js:2:1688037)
	at /home/deepanshu/.vscode-oss/extensions/ms-python.python-2025.2.0-universal/out/client/extension.js:2:1688517
	at we (/home/deepanshu/.vscode-oss/extensions/ms-python.python-2025.2.0-universal/out/client/extension.js:2:1688458)
	at Pe (/home/deepanshu/.vscode-oss/extensions/ms-python.python-2025.2.0-universal/out/client/extension.js:2:1688492)
	at /home/deepanshu/.vscode-oss/extensions/ms-python.python-2025.2.0-universal/out/client/extension.js:2:1685731
	at /home/deepanshu/.vscode-oss/extensions/ms-python.python-2025.2.0-universal/out/client/extension.js:2:1715401
	at /home/deepanshu/.vscode-oss/extensions/ms-python.python-2025.2.0-universal/out/client/extension.js:2:1715422
	at e._get (/home/deepanshu/.vscode-oss/extensions/ms-python.python-2025.2.0-universal/out/client/extension.js:2:1714435)
	at e._getButThrowIfAsync (/home/deepanshu/.vscode-oss/extensions/ms-python.python-2025.2.0-universal/out/client/extension.js:2:1714495)
	at e.get (/home/deepanshu/.vscode-oss/extensions/ms-python.python-2025.2.0-universal/out/client/extension.js:2:1710204)
	at a.get (/home/deepanshu/.vscode-oss/extensions/ms-python.python-2025.2.0-universal/out/client/extension.js:2:536568)
	at /home/deepanshu/.vscode-oss/extensions/ms-python.python-2025.2.0-universal/out/client/extension.js:2:451405
	at async t.activateComponents (/home/deepanshu/.vscode-oss/extensions/ms-python.python-2025.2.0-universal/out/client/extension.js:2:449685)
	at async /home/deepanshu/.vscode-oss/extensions/ms-python.python-2025.2.0-universal/out/client/extension.js:2:2639568
	at async e (/home/deepanshu/.vscode-oss/extensions/ms-python.python-2025.2.0-universal/out/client/extension.js:2:2639100)
	at async pw.n (file:///usr/lib/code/out/vs/workbench/api/node/extensionHostProcess.js:112:13415)
	at async pw.m (file:///usr/lib/code/out/vs/workbench/api/node/extensionHostProcess.js:112:13378)
	at async pw.l (file:///usr/lib/code/out/vs/workbench/api/node/extensionHostProcess.js:112:12834)]
2025-03-18 10:31:33.162 [info] Python interpreter path: /bin/python
2025-03-18 10:31:33.238 [info] > pyenv which python
2025-03-18 10:31:33.238 [info] cwd: .
2025-03-18 10:31:33.299 [error] [
  'Failed to activate a workspace, Class name = v, completed in 154ms, has a falsy return value, Arg 1: <Uri:/home/deepanshu/github_repos/my_repositories/Turtle-shell>, Arg 2: {"started":1742274093054}, Return Value: undefined',
  [Error: Extension 'ms-python.python' CANNOT use API proposal: testObserver.
  Its package.json#enabledApiProposals-property declares:  but NOT testObserver.
   The missing proposal MUST be added and you must start in extension development mode or use the following command line switch: --enable-proposed-api ms-python.python
  	at N (file:///usr/lib/code/out/vs/workbench/api/node/extensionHostProcess.js:106:19035)
  	at get testResults (file:///usr/lib/code/out/vs/workbench/api/node/extensionHostProcess.js:172:39547)
  	at C.activate (/home/deepanshu/.vscode-oss/extensions/ms-python.python-2025.2.0-universal/out/client/extension.js:2:908493)
  	at /home/deepanshu/.vscode-oss/extensions/ms-python.python-2025.2.0-universal/out/client/extension.js:2:2457
  	at Array.map (<anonymous>)
  	at v.activateWorkspace (/home/deepanshu/.vscode-oss/extensions/ms-python.python-2025.2.0-universal/out/client/extension.js:2:2447)]
]
2025-03-18 10:31:33.299 [error] Failure during activation. [Error: Extension 'ms-python.python' CANNOT use API proposal: testObserver.
Its package.json#enabledApiProposals-property declares:  but NOT testObserver.
 The missing proposal MUST be added and you must start in extension development mode or use the following command line switch: --enable-proposed-api ms-python.python
	at N (file:///usr/lib/code/out/vs/workbench/api/node/extensionHostProcess.js:106:19035)
	at get testResults (file:///usr/lib/code/out/vs/workbench/api/node/extensionHostProcess.js:172:39547)
	at C.activate (/home/deepanshu/.vscode-oss/extensions/ms-python.python-2025.2.0-universal/out/client/extension.js:2:908493)
	at /home/deepanshu/.vscode-oss/extensions/ms-python.python-2025.2.0-universal/out/client/extension.js:2:2457
	at Array.map (<anonymous>)
	at v.activateWorkspace (/home/deepanshu/.vscode-oss/extensions/ms-python.python-2025.2.0-universal/out/client/extension.js:2:2447)]
2025-03-18 10:31:33.299 [error] sendStartupTelemetry() failed. [Error: Extension 'ms-python.python' CANNOT use API proposal: testObserver.
Its package.json#enabledApiProposals-property declares:  but NOT testObserver.
 The missing proposal MUST be added and you must start in extension development mode or use the following command line switch: --enable-proposed-api ms-python.python
	at N (file:///usr/lib/code/out/vs/workbench/api/node/extensionHostProcess.js:106:19035)
	at get testResults (file:///usr/lib/code/out/vs/workbench/api/node/extensionHostProcess.js:172:39547)
	at C.activate (/home/deepanshu/.vscode-oss/extensions/ms-python.python-2025.2.0-universal/out/client/extension.js:2:908493)
	at /home/deepanshu/.vscode-oss/extensions/ms-python.python-2025.2.0-universal/out/client/extension.js:2:2457
	at Array.map (<anonymous>)
	at v.activateWorkspace (/home/deepanshu/.vscode-oss/extensions/ms-python.python-2025.2.0-universal/out/client/extension.js:2:2447)]
2025-03-18 10:31:34.026 [info] Starting Jedi language server for Turtle-shell.
