2024-12-31 23:21:24.956 [info] [main] Log level: Info
2024-12-31 23:21:24.956 [info] [main] Validating found git in: "git"
2024-12-31 23:21:24.956 [info] [main] Using git "2.47.1" from "git"
2024-12-31 23:21:24.956 [info] [Model][doInitialScan] Initial repository scan started
2024-12-31 23:21:24.956 [info] > git rev-parse --show-toplevel [7ms]
2024-12-31 23:21:24.956 [info] fatal: not a git repository (or any parent up to mount point /)
Stopping at filesystem boundary (GIT_DISCOVERY_ACROSS_FILESYSTEM not set).
2024-12-31 23:21:24.956 [info] > git rev-parse --show-toplevel [25ms]
2024-12-31 23:21:24.956 [info] fatal: not a git repository (or any parent up to mount point /)
Stopping at filesystem boundary (GIT_DISCOVERY_ACROSS_FILESYSTEM not set).
2024-12-31 23:21:24.957 [info] > git rev-parse --show-toplevel [4ms]
2024-12-31 23:21:24.957 [info] fatal: not a git repository (or any parent up to mount point /)
Stopping at filesystem boundary (GIT_DISCOVERY_ACROSS_FILESYSTEM not set).
2024-12-31 23:21:24.958 [info] [Model][doInitialScan] Initial repository scan completed - repositories (0), closed repositories (0), parent repositories (0), unsafe repositories (0)
2024-12-31 23:21:25.567 [info] > git rev-parse --show-toplevel [1ms]
2024-12-31 23:21:25.567 [info] fatal: not a git repository (or any parent up to mount point /)
Stopping at filesystem boundary (GIT_DISCOVERY_ACROSS_FILESYSTEM not set).
2024-12-31 23:21:26.128 [info] > git rev-parse --show-toplevel [1ms]
2024-12-31 23:21:26.128 [info] fatal: not a git repository (or any parent up to mount point /)
Stopping at filesystem boundary (GIT_DISCOVERY_ACROSS_FILESYSTEM not set).
