2025-04-21 15:17:49.710 [info] Reading sessions from keychain...
2025-04-21 15:17:49.711 [info] Getting sessions for all scopes...
2025-04-21 15:17:49.711 [info] Getting sessions for all scopes...
2025-04-21 15:17:49.711 [info] Getting sessions for all scopes...
2025-04-21 15:17:49.711 [info] Getting sessions for all scopes...
2025-04-21 15:17:49.711 [info] Getting sessions for all scopes...
2025-04-21 15:17:49.711 [info] Getting sessions for all scopes...
2025-04-21 15:17:49.711 [info] Getting sessions for all scopes...
2025-04-21 15:17:49.726 [info] Got 0 sessions for ...
2025-04-21 15:17:49.726 [info] Got 0 sessions for ...
2025-04-21 15:17:49.726 [info] Got 0 sessions for ...
2025-04-21 15:17:49.726 [info] Got 0 sessions for ...
2025-04-21 15:17:49.726 [info] Got 0 sessions for ...
2025-04-21 15:17:49.726 [info] Got 0 sessions for ...
2025-04-21 15:17:49.726 [info] Got 0 sessions for ...
2025-04-21 15:17:49.817 [info] Getting sessions for all scopes...
2025-04-21 15:17:49.817 [info] Got 0 sessions for ...
2025-04-21 15:17:49.976 [info] Getting sessions for all scopes...
2025-04-21 15:17:49.976 [info] Got 0 sessions for ...
2025-04-21 15:17:49.996 [info] Getting sessions for read:user,repo,user:email,workflow...
2025-04-21 15:17:49.996 [info] Got 0 sessions for read:user,repo,user:email,workflow...
2025-04-21 15:17:51.653 [info] Getting sessions for all scopes...
2025-04-21 15:17:51.653 [info] Got 0 sessions for ...
