2024-12-31 19:14:00.414 [info] Added views:outline in workbench.view.explorer
2024-12-31 19:14:00.414 [info] Added views:workbench.view.search in workbench.view.search
2024-12-31 19:14:00.414 [info] Added views:workbench.scm in workbench.view.scm
2024-12-31 19:14:00.414 [info] Added views:workbench.panel.markers.view in workbench.panel.markers
2024-12-31 19:14:00.414 [info] Added views:workbench.panel.output in workbench.panel.output
2024-12-31 19:14:00.414 [info] Added views:terminal in terminal
2024-12-31 19:14:00.414 [info] Added views:timeline in workbench.view.explorer
2024-12-31 19:14:00.414 [info] Added views:workbench.explorer.fileView in workbench.view.explorer
2024-12-31 19:14:00.566 [info] Added views:workbench.debug.variablesView,workbench.debug.watchExpressionsView,workbench.debug.callStackView,workbench.debug.breakPointsView in workbench.view.debug
2024-12-31 19:14:00.791 [info] Added views:~remote.forwardedPorts in ~remote.forwardedPortsContainer
2024-12-31 19:14:01.020 [info] Added views:workbench.panel.repl.view in workbench.panel.repl
2024-12-31 19:14:01.021 [info] Removed views:workbench.debug.breakPointsView,workbench.debug.callStackView,workbench.debug.watchExpressionsView,workbench.debug.variablesView from workbench.view.debug
2024-12-31 19:14:01.022 [info] Added views:workbench.debug.welcome in workbench.view.debug
2024-12-31 19:14:20.072 [info] Added views:workbench.view.testing in workbench.view.extension.test
2024-12-31 19:15:10.572 [info] Added views:workbench.views.extensions.installed,workbench.views.extensions.popular,extensions.recommendedList in workbench.view.extensions
2024-12-31 19:15:10.575 [info] Removed views:workbench.views.extensions.popular from workbench.view.extensions
2024-12-31 19:15:13.596 [info] Added views:workbench.debug.breakPointsView in workbench.view.debug
2024-12-31 19:15:23.067 [info] Removed views:workbench.debug.welcome from workbench.view.debug
2024-12-31 19:15:23.092 [info] Added views:workbench.debug.variablesView,workbench.debug.watchExpressionsView,workbench.debug.callStackView in workbench.view.debug
2024-12-31 19:15:50.027 [info] Removed views:workbench.debug.callStackView,workbench.debug.watchExpressionsView,workbench.debug.variablesView from workbench.view.debug
2024-12-31 19:15:50.043 [info] Added views:workbench.debug.welcome in workbench.view.debug
2024-12-31 19:18:07.403 [info] Removed views:workbench.view.testing from workbench.view.extension.test
