2025-02-07 23:01:40.811 [info] Getting Manifest... ms-python.debugpy
2025-02-07 23:01:40.812 [info] Getting Manifest... ms-python.python
2025-02-07 23:01:47.888 [info] Installing extension: ms-python.debugpy {"productVersion":{"version":"1.96.4","date":"2025-01-17T08:53:36.849Z"},"pinned":false,"operation":3,"isApplicationScoped":false,"profileLocation":{"$mid":1,"external":"vscode-userdata:/home/deepanshu/.vscode-oss/extensions/extensions.json","path":"/home/deepanshu/.vscode-oss/extensions/extensions.json","scheme":"vscode-userdata"},"installOnlyNewlyAddedFromExtensionPack":true}
2025-02-07 23:01:48.089 [info] Installing extension: ms-python.python {"productVersion":{"version":"1.96.4","date":"2025-01-17T08:53:36.849Z"},"pinned":false,"operation":3,"isApplicationScoped":false,"profileLocation":{"$mid":1,"external":"vscode-userdata:/home/deepanshu/.vscode-oss/extensions/extensions.json","path":"/home/deepanshu/.vscode-oss/extensions/extensions.json","scheme":"vscode-userdata"},"installOnlyNewlyAddedFromExtensionPack":true}
2025-02-07 23:01:48.234 [info] Getting Manifest... ms-python.python
2025-02-07 23:02:09.270 [error] Could not load vsce-sign module Cannot find package '@vscode/vsce-sign' imported from /usr/lib/code/out/vs/code/electron-utility/sharedProcess/sharedProcessMain.js
2025-02-07 23:02:09.271 [info] Extension signature verification is not done: ms-python.python
2025-02-07 23:02:09.784 [info] Extracted extension to file:///home/deepanshu/.vscode-oss/extensions/ms-python.python-2025.0.0-universal: ms-python.python
2025-02-07 23:02:09.821 [info] Renamed to /home/deepanshu/.vscode-oss/extensions/ms-python.python-2025.0.0-universal
2025-02-07 23:02:09.833 [info] Marked extension as uninstalled ms-python.python-2024.23.0-dev-universal
2025-02-07 23:02:09.836 [info] Extension installed successfully: ms-python.python vscode-userdata:/home/deepanshu/.vscode-oss/extensions/extensions.json
2025-02-07 23:02:09.911 [error] [uncaught exception in sharedProcess]: Error: ENOENT: no such file or directory, stat '/home/deepanshu/.vscode-oss/extensions/extensions.json.vsctmp': EntryNotFound (FileSystemError): Error: ENOENT: no such file or directory, stat '/home/deepanshu/.vscode-oss/extensions/extensions.json.vsctmp'
    at Gm.create (file:///usr/lib/code/out/vs/code/electron-utility/sharedProcess/sharedProcessMain.js:35:39624)
    at xs (file:///usr/lib/code/out/vs/code/electron-utility/sharedProcess/sharedProcessMain.js:35:39731)
    at Vr.ib (file:///usr/lib/code/out/vs/code/electron-utility/sharedProcess/sharedProcessMain.js:78:22778)
    at Vr.stat (file:///usr/lib/code/out/vs/code/electron-utility/sharedProcess/sharedProcessMain.js:78:16010)
    at async wh.stat (file:///usr/lib/code/out/vs/code/electron-utility/sharedProcess/sharedProcessMain.js:77:85488)
    at async fh.Ab (file:///usr/lib/code/out/vs/code/electron-utility/sharedProcess/sharedProcessMain.js:77:67180)
2025-02-07 23:02:27.833 [error] Could not load vsce-sign module Cannot find package '@vscode/vsce-sign' imported from /usr/lib/code/out/vs/code/electron-utility/sharedProcess/sharedProcessMain.js
2025-02-07 23:02:27.833 [info] Extension signature verification is not done: ms-python.debugpy
2025-02-07 23:02:28.115 [info] Extracted extension to file:///home/deepanshu/.vscode-oss/extensions/ms-python.debugpy-2025.0.0-linux-x64: ms-python.debugpy
2025-02-07 23:02:28.127 [info] Renamed to /home/deepanshu/.vscode-oss/extensions/ms-python.debugpy-2025.0.0-linux-x64
2025-02-07 23:02:28.134 [info] Marked extension as uninstalled ms-python.debugpy-2024.14.0-linux-x64
2025-02-07 23:02:28.136 [info] Extension installed successfully: ms-python.debugpy vscode-userdata:/home/deepanshu/.vscode-oss/extensions/extensions.json
2025-02-07 23:02:28.208 [error] [uncaught exception in sharedProcess]: Error: ENOENT: no such file or directory, stat '/home/deepanshu/.vscode-oss/extensions/extensions.json.vsctmp': EntryNotFound (FileSystemError): Error: ENOENT: no such file or directory, stat '/home/deepanshu/.vscode-oss/extensions/extensions.json.vsctmp'
    at Gm.create (file:///usr/lib/code/out/vs/code/electron-utility/sharedProcess/sharedProcessMain.js:35:39624)
    at xs (file:///usr/lib/code/out/vs/code/electron-utility/sharedProcess/sharedProcessMain.js:35:39731)
    at Vr.ib (file:///usr/lib/code/out/vs/code/electron-utility/sharedProcess/sharedProcessMain.js:78:22778)
    at Vr.stat (file:///usr/lib/code/out/vs/code/electron-utility/sharedProcess/sharedProcessMain.js:78:16010)
    at async wh.stat (file:///usr/lib/code/out/vs/code/electron-utility/sharedProcess/sharedProcessMain.js:77:85488)
    at async fh.Ab (file:///usr/lib/code/out/vs/code/electron-utility/sharedProcess/sharedProcessMain.js:77:67180)
